Analysis & Synthesis report for Password
Wed May 13 20:18:36 2020
Quartus II 64-Bit Version 13.0.1 Build 232 06/12/2013 Service Pack 1 SJ Web Edition


---------------------
; Table of Contents ;
---------------------
  1. Legal Notice
  2. Analysis & Synthesis Summary
  3. Analysis & Synthesis Settings
  4. Parallel Compilation
  5. Analysis & Synthesis Source Files Read
  6. Analysis & Synthesis Resource Usage Summary
  7. Analysis & Synthesis Resource Utilization by Entity
  8. User-Specified and Inferred Latches
  9. General Register Statistics
 10. Multiplexer Restructuring Statistics (Restructuring Performed)
 11. Analysis & Synthesis Messages



----------------
; Legal Notice ;
----------------
Copyright (C) 1991-2013 Altera Corporation
Your use of Altera Corporation's design tools, logic functions 
and other software and tools, and its AMPP partner logic 
functions, and any output files from any of the foregoing 
(including device programming or simulation files), and any 
associated documentation or information are expressly subject 
to the terms and conditions of the Altera Program License 
Subscription Agreement, Altera MegaCore Function License 
Agreement, or other applicable license agreement, including, 
without limitation, that your use is for the sole purpose of 
programming logic devices manufactured by Altera and sold by 
Altera or its authorized distributors.  Please refer to the 
applicable agreement for further details.



+-------------------------------------------------------------------------------+
; Analysis & Synthesis Summary                                                  ;
+-----------------------------+-------------------------------------------------+
; Analysis & Synthesis Status ; Successful - Wed May 13 20:18:36 2020           ;
; Quartus II 64-Bit Version   ; 13.0.1 Build 232 06/12/2013 SP 1 SJ Web Edition ;
; Revision Name               ; Password                                        ;
; Top-level Entity Name       ; Password                                        ;
; Family                      ; MAX II                                          ;
; Total logic elements        ; 68                                              ;
; Total pins                  ; 14                                              ;
; Total virtual pins          ; 0                                               ;
; UFM blocks                  ; 0 / 1 ( 0 % )                                   ;
+-----------------------------+-------------------------------------------------+


+----------------------------------------------------------------------------------------------------------------------+
; Analysis & Synthesis Settings                                                                                        ;
+----------------------------------------------------------------------------+--------------------+--------------------+
; Option                                                                     ; Setting            ; Default Value      ;
+----------------------------------------------------------------------------+--------------------+--------------------+
; Device                                                                     ; EPM240F100C5       ;                    ;
; Top-level entity name                                                      ; Password           ; Password           ;
; Family name                                                                ; MAX II             ; Cyclone IV GX      ;
; Use smart compilation                                                      ; Off                ; Off                ;
; Enable parallel Assembler and TimeQuest Timing Analyzer during compilation ; On                 ; On                 ;
; Enable compact report table                                                ; Off                ; Off                ;
; Restructure Multiplexers                                                   ; Auto               ; Auto               ;
; Create Debugging Nodes for IP Cores                                        ; Off                ; Off                ;
; Preserve fewer node names                                                  ; On                 ; On                 ;
; Disable OpenCore Plus hardware evaluation                                  ; Off                ; Off                ;
; Verilog Version                                                            ; Verilog_2001       ; Verilog_2001       ;
; VHDL Version                                                               ; VHDL_1993          ; VHDL_1993          ;
; State Machine Processing                                                   ; Auto               ; Auto               ;
; Safe State Machine                                                         ; Off                ; Off                ;
; Extract Verilog State Machines                                             ; On                 ; On                 ;
; Extract VHDL State Machines                                                ; On                 ; On                 ;
; Ignore Verilog initial constructs                                          ; Off                ; Off                ;
; Iteration limit for constant Verilog loops                                 ; 5000               ; 5000               ;
; Iteration limit for non-constant Verilog loops                             ; 250                ; 250                ;
; Add Pass-Through Logic to Inferred RAMs                                    ; On                 ; On                 ;
; Infer RAMs from Raw Logic                                                  ; On                 ; On                 ;
; Parallel Synthesis                                                         ; On                 ; On                 ;
; NOT Gate Push-Back                                                         ; On                 ; On                 ;
; Power-Up Don't Care                                                        ; On                 ; On                 ;
; Remove Redundant Logic Cells                                               ; Off                ; Off                ;
; Remove Duplicate Registers                                                 ; On                 ; On                 ;
; Ignore CARRY Buffers                                                       ; Off                ; Off                ;
; Ignore CASCADE Buffers                                                     ; Off                ; Off                ;
; Ignore GLOBAL Buffers                                                      ; Off                ; Off                ;
; Ignore ROW GLOBAL Buffers                                                  ; Off                ; Off                ;
; Ignore LCELL Buffers                                                       ; Off                ; Off                ;
; Ignore SOFT Buffers                                                        ; On                 ; On                 ;
; Limit AHDL Integers to 32 Bits                                             ; Off                ; Off                ;
; Optimization Technique                                                     ; Balanced           ; Balanced           ;
; Carry Chain Length                                                         ; 70                 ; 70                 ;
; Auto Carry Chains                                                          ; On                 ; On                 ;
; Auto Open-Drain Pins                                                       ; On                 ; On                 ;
; Perform WYSIWYG Primitive Resynthesis                                      ; Off                ; Off                ;
; Auto Shift Register Replacement                                            ; Auto               ; Auto               ;
; Allow Shift Register Merging across Hierarchies                            ; Auto               ; Auto               ;
; Auto Clock Enable Replacement                                              ; On                 ; On                 ;
; Allow Synchronous Control Signals                                          ; On                 ; On                 ;
; Force Use of Synchronous Clear Signals                                     ; Off                ; Off                ;
; Auto Resource Sharing                                                      ; Off                ; Off                ;
; Use LogicLock Constraints during Resource Balancing                        ; On                 ; On                 ;
; Ignore translate_off and synthesis_off directives                          ; Off                ; Off                ;
; Report Parameter Settings                                                  ; On                 ; On                 ;
; Report Source Assignments                                                  ; On                 ; On                 ;
; Report Connectivity Checks                                                 ; On                 ; On                 ;
; Ignore Maximum Fan-Out Assignments                                         ; Off                ; Off                ;
; Synchronization Register Chain Length                                      ; 2                  ; 2                  ;
; PowerPlay Power Optimization                                               ; Normal compilation ; Normal compilation ;
; HDL message level                                                          ; Level2             ; Level2             ;
; Suppress Register Optimization Related Messages                            ; Off                ; Off                ;
; Number of Removed Registers Reported in Synthesis Report                   ; 5000               ; 5000               ;
; Number of Swept Nodes Reported in Synthesis Report                         ; 5000               ; 5000               ;
; Number of Inverted Registers Reported in Synthesis Report                  ; 100                ; 100                ;
; Clock MUX Protection                                                       ; On                 ; On                 ;
; Block Design Naming                                                        ; Auto               ; Auto               ;
; Synthesis Effort                                                           ; Auto               ; Auto               ;
; Shift Register Replacement - Allow Asynchronous Clear Signal               ; On                 ; On                 ;
; Pre-Mapping Resynthesis Optimization                                       ; Off                ; Off                ;
; Analysis & Synthesis Message Level                                         ; Medium             ; Medium             ;
; Disable Register Merging Across Hierarchies                                ; Auto               ; Auto               ;
; Synthesis Seed                                                             ; 1                  ; 1                  ;
+----------------------------------------------------------------------------+--------------------+--------------------+


+------------------------------------------+
; Parallel Compilation                     ;
+----------------------------+-------------+
; Processors                 ; Number      ;
+----------------------------+-------------+
; Number detected on machine ; 8           ;
; Maximum allowed            ; 4           ;
;                            ;             ;
; Average used               ; 1.00        ;
; Maximum used               ; 1           ;
;                            ;             ;
; Usage by Processor         ; % Time Used ;
;     Processor 1            ; 100.0%      ;
;     Processors 2-8         ;   0.0%      ;
+----------------------------+-------------+


+---------------------------------------------------------------------------------------------------------------------------------------------------+
; Analysis & Synthesis Source Files Read                                                                                                            ;
+----------------------------------+-----------------+-----------------+------------------------------------------------------------------+---------+
; File Name with User-Entered Path ; Used in Netlist ; File Type       ; File Name with Absolute Path                                     ; Library ;
+----------------------------------+-----------------+-----------------+------------------------------------------------------------------+---------+
; Password.vhd                     ; yes             ; User VHDL File  ; D:/Programs/altera/13.0sp1/HW/HW4_Password/Password/Password.vhd ;         ;
+----------------------------------+-----------------+-----------------+------------------------------------------------------------------+---------+


+-----------------------------------------------------+
; Analysis & Synthesis Resource Usage Summary         ;
+---------------------------------------------+-------+
; Resource                                    ; Usage ;
+---------------------------------------------+-------+
; Total logic elements                        ; 68    ;
;     -- Combinational with no register       ; 68    ;
;     -- Register only                        ; 0     ;
;     -- Combinational with a register        ; 0     ;
;                                             ;       ;
; Logic element usage by number of LUT inputs ;       ;
;     -- 4 input functions                    ; 30    ;
;     -- 3 input functions                    ; 25    ;
;     -- 2 input functions                    ; 13    ;
;     -- 1 input functions                    ; 0     ;
;     -- 0 input functions                    ; 0     ;
;                                             ;       ;
; Logic elements by mode                      ;       ;
;     -- normal mode                          ; 68    ;
;     -- arithmetic mode                      ; 0     ;
;     -- qfbk mode                            ; 0     ;
;     -- register cascade mode                ; 0     ;
;     -- synchronous clear/load mode          ; 0     ;
;     -- asynchronous clear/load mode         ; 0     ;
;                                             ;       ;
; Total registers                             ; 0     ;
; I/O pins                                    ; 14    ;
; Maximum fan-out node                        ; reset ;
; Maximum fan-out                             ; 15    ;
; Total fan-out                               ; 226   ;
; Average fan-out                             ; 2.76  ;
+---------------------------------------------+-------+


+----------------------------------------------------------------------------------------------------------------------------------------------------------------------------------------------------------------------+
; Analysis & Synthesis Resource Utilization by Entity                                                                                                                                                                  ;
+----------------------------+-------------+--------------+------------+------+--------------+--------------+-------------------+------------------+-----------------+------------+---------------------+--------------+
; Compilation Hierarchy Node ; Logic Cells ; LC Registers ; UFM Blocks ; Pins ; Virtual Pins ; LUT-Only LCs ; Register-Only LCs ; LUT/Register LCs ; Carry Chain LCs ; Packed LCs ; Full Hierarchy Name ; Library Name ;
+----------------------------+-------------+--------------+------------+------+--------------+--------------+-------------------+------------------+-----------------+------------+---------------------+--------------+
; |Password                  ; 68 (68)     ; 0            ; 0          ; 14   ; 0            ; 68 (68)      ; 0 (0)             ; 0 (0)            ; 0 (0)           ; 0 (0)      ; |Password           ; work         ;
+----------------------------+-------------+--------------+------------+------+--------------+--------------+-------------------+------------------+-----------------+------------+---------------------+--------------+
Note: For table entries with two numbers listed, the numbers in parentheses indicate the number of resources of the given type used by the specific entity alone. The numbers listed outside of parentheses indicate the total resources of the given type used by the specific entity and all of its sub-entities in the hierarchy.


+----------------------------------------------------------------------------------------------------+
; User-Specified and Inferred Latches                                                                ;
+-----------------------------------------------------+---------------------+------------------------+
; Latch Name                                          ; Latch Enable Signal ; Free of Timing Hazards ;
+-----------------------------------------------------+---------------------+------------------------+
; success$latch                                       ; success             ; yes                    ;
; status[0]                                           ; status[3]           ; yes                    ;
; status[1]                                           ; status[3]           ; yes                    ;
; status[2]                                           ; status[3]           ; yes                    ;
; status[3]                                           ; status[3]           ; yes                    ;
; now_state.check3_515                                ; Equal1              ; yes                    ;
; real_password[0]                                    ; real_password[3]    ; yes                    ;
; real_password[1]                                    ; real_password[3]    ; yes                    ;
; real_password[2]                                    ; real_password[3]    ; yes                    ;
; real_password[3]                                    ; real_password[3]    ; yes                    ;
; now_state.in3_540                                   ; mode[1]             ; yes                    ;
; now_state.start_558                                 ; Equal1              ; no                     ;
; now_state.in2_546                                   ; mode[1]             ; yes                    ;
; now_state.in1_552                                   ; mode[1]             ; yes                    ;
; now_state.check1_527                                ; Equal1              ; yes                    ;
; now_state.check2_521                                ; Equal1              ; yes                    ;
; real_password[4]                                    ; real_password[5]    ; yes                    ;
; real_password[5]                                    ; real_password[5]    ; yes                    ;
; real_password[6]                                    ; real_password[5]    ; yes                    ;
; real_password[7]                                    ; real_password[5]    ; yes                    ;
; real_password[8]                                    ; real_password[8]    ; yes                    ;
; real_password[9]                                    ; real_password[8]    ; yes                    ;
; real_password[10]                                   ; real_password[8]    ; yes                    ;
; real_password[11]                                   ; real_password[8]    ; yes                    ;
; real_password[12]                                   ; real_password[12]   ; yes                    ;
; real_password[13]                                   ; real_password[12]   ; yes                    ;
; real_password[14]                                   ; real_password[12]   ; yes                    ;
; real_password[15]                                   ; real_password[12]   ; yes                    ;
; Number of user-specified and inferred latches = 28  ;                     ;                        ;
+-----------------------------------------------------+---------------------+------------------------+
Note: All latches listed above may not be present at the end of synthesis due to various synthesis optimizations.


+------------------------------------------------------+
; General Register Statistics                          ;
+----------------------------------------------+-------+
; Statistic                                    ; Value ;
+----------------------------------------------+-------+
; Total registers                              ; 0     ;
; Number of registers using Synchronous Clear  ; 0     ;
; Number of registers using Synchronous Load   ; 0     ;
; Number of registers using Asynchronous Clear ; 0     ;
; Number of registers using Asynchronous Load  ; 0     ;
; Number of registers using Clock Enable       ; 0     ;
; Number of registers using Preset             ; 0     ;
+----------------------------------------------+-------+


+------------------------------------------------------------------------------------------------------------------------------------------+
; Multiplexer Restructuring Statistics (Restructuring Performed)                                                                           ;
+--------------------+-----------+---------------+----------------------+------------------------+------------+----------------------------+
; Multiplexer Inputs ; Bus Width ; Baseline Area ; Area if Restructured ; Saving if Restructured ; Registered ; Example Multiplexer Output ;
+--------------------+-----------+---------------+----------------------+------------------------+------------+----------------------------+
; 5:1                ; 2 bits    ; 6 LEs         ; 6 LEs                ; 0 LEs                  ; No         ; |Password|Selector10       ;
+--------------------+-----------+---------------+----------------------+------------------------+------------+----------------------------+


+-------------------------------+
; Analysis & Synthesis Messages ;
+-------------------------------+
Info: *******************************************************************
Info: Running Quartus II 64-Bit Analysis & Synthesis
    Info: Version 13.0.1 Build 232 06/12/2013 Service Pack 1 SJ Web Edition
    Info: Processing started: Wed May 13 20:18:34 2020
Info: Command: quartus_map --read_settings_files=on --write_settings_files=off Password -c Password
Info (11104): Parallel Compilation has detected 8 hyper-threaded processors. However, the extra hyper-threaded processors will not be used by default. Parallel Compilation will use 4 of the 4 physical processors detected instead.
Info (12021): Found 2 design units, including 1 entities, in source file password.vhd
    Info (12022): Found design unit 1: Password-bhv
    Info (12023): Found entity 1: Password
Info (12127): Elaborating entity "Password" for the top level hierarchy
Warning (10492): VHDL Process Statement warning at Password.vhd(39): signal "mode" is read inside the Process Statement but isn't in the Process Statement's sensitivity list
Warning (10492): VHDL Process Statement warning at Password.vhd(40): signal "now_state" is read inside the Process Statement but isn't in the Process Statement's sensitivity list
Warning (10492): VHDL Process Statement warning at Password.vhd(41): signal "input_code" is read inside the Process Statement but isn't in the Process Statement's sensitivity list
Warning (10492): VHDL Process Statement warning at Password.vhd(41): signal "status" is read inside the Process Statement but isn't in the Process Statement's sensitivity list
Warning (10492): VHDL Process Statement warning at Password.vhd(42): signal "input_code" is read inside the Process Statement but isn't in the Process Statement's sensitivity list
Warning (10492): VHDL Process Statement warning at Password.vhd(42): signal "status" is read inside the Process Statement but isn't in the Process Statement's sensitivity list
Warning (10492): VHDL Process Statement warning at Password.vhd(43): signal "input_code" is read inside the Process Statement but isn't in the Process Statement's sensitivity list
Warning (10492): VHDL Process Statement warning at Password.vhd(43): signal "status" is read inside the Process Statement but isn't in the Process Statement's sensitivity list
Warning (10492): VHDL Process Statement warning at Password.vhd(44): signal "input_code" is read inside the Process Statement but isn't in the Process Statement's sensitivity list
Warning (10492): VHDL Process Statement warning at Password.vhd(44): signal "status" is read inside the Process Statement but isn't in the Process Statement's sensitivity list
Warning (10492): VHDL Process Statement warning at Password.vhd(47): signal "mode" is read inside the Process Statement but isn't in the Process Statement's sensitivity list
Warning (10492): VHDL Process Statement warning at Password.vhd(48): signal "now_state" is read inside the Process Statement but isn't in the Process Statement's sensitivity list
Warning (10492): VHDL Process Statement warning at Password.vhd(50): signal "input_code" is read inside the Process Statement but isn't in the Process Statement's sensitivity list
Warning (10492): VHDL Process Statement warning at Password.vhd(50): signal "real_password" is read inside the Process Statement but isn't in the Process Statement's sensitivity list
Warning (10492): VHDL Process Statement warning at Password.vhd(52): signal "status" is read inside the Process Statement but isn't in the Process Statement's sensitivity list
Warning (10492): VHDL Process Statement warning at Password.vhd(59): signal "input_code" is read inside the Process Statement but isn't in the Process Statement's sensitivity list
Warning (10492): VHDL Process Statement warning at Password.vhd(59): signal "real_password" is read inside the Process Statement but isn't in the Process Statement's sensitivity list
Warning (10492): VHDL Process Statement warning at Password.vhd(61): signal "status" is read inside the Process Statement but isn't in the Process Statement's sensitivity list
Warning (10492): VHDL Process Statement warning at Password.vhd(68): signal "input_code" is read inside the Process Statement but isn't in the Process Statement's sensitivity list
Warning (10492): VHDL Process Statement warning at Password.vhd(68): signal "real_password" is read inside the Process Statement but isn't in the Process Statement's sensitivity list
Warning (10492): VHDL Process Statement warning at Password.vhd(70): signal "status" is read inside the Process Statement but isn't in the Process Statement's sensitivity list
Warning (10492): VHDL Process Statement warning at Password.vhd(77): signal "input_code" is read inside the Process Statement but isn't in the Process Statement's sensitivity list
Warning (10492): VHDL Process Statement warning at Password.vhd(77): signal "real_password" is read inside the Process Statement but isn't in the Process Statement's sensitivity list
Warning (10492): VHDL Process Statement warning at Password.vhd(79): signal "status" is read inside the Process Statement but isn't in the Process Statement's sensitivity list
Warning (10631): VHDL Process Statement warning at Password.vhd(32): inferring latch(es) for signal or variable "now_state", which holds its previous value in one or more paths through the process
Warning (10631): VHDL Process Statement warning at Password.vhd(32): inferring latch(es) for signal or variable "success", which holds its previous value in one or more paths through the process
Warning (10631): VHDL Process Statement warning at Password.vhd(32): inferring latch(es) for signal or variable "fail", which holds its previous value in one or more paths through the process
Warning (10631): VHDL Process Statement warning at Password.vhd(32): inferring latch(es) for signal or variable "status", which holds its previous value in one or more paths through the process
Warning (10631): VHDL Process Statement warning at Password.vhd(32): inferring latch(es) for signal or variable "real_password", which holds its previous value in one or more paths through the process
Info (10041): Inferred latch for "real_password[0]" at Password.vhd(32)
Info (10041): Inferred latch for "real_password[1]" at Password.vhd(32)
Info (10041): Inferred latch for "real_password[2]" at Password.vhd(32)
Info (10041): Inferred latch for "real_password[3]" at Password.vhd(32)
Info (10041): Inferred latch for "real_password[4]" at Password.vhd(32)
Info (10041): Inferred latch for "real_password[5]" at Password.vhd(32)
Info (10041): Inferred latch for "real_password[6]" at Password.vhd(32)
Info (10041): Inferred latch for "real_password[7]" at Password.vhd(32)
Info (10041): Inferred latch for "real_password[8]" at Password.vhd(32)
Info (10041): Inferred latch for "real_password[9]" at Password.vhd(32)
Info (10041): Inferred latch for "real_password[10]" at Password.vhd(32)
Info (10041): Inferred latch for "real_password[11]" at Password.vhd(32)
Info (10041): Inferred latch for "real_password[12]" at Password.vhd(32)
Info (10041): Inferred latch for "real_password[13]" at Password.vhd(32)
Info (10041): Inferred latch for "real_password[14]" at Password.vhd(32)
Info (10041): Inferred latch for "real_password[15]" at Password.vhd(32)
Info (10041): Inferred latch for "status[0]" at Password.vhd(32)
Info (10041): Inferred latch for "status[1]" at Password.vhd(32)
Info (10041): Inferred latch for "status[2]" at Password.vhd(32)
Info (10041): Inferred latch for "status[3]" at Password.vhd(32)
Info (10041): Inferred latch for "fail" at Password.vhd(32)
Info (10041): Inferred latch for "success" at Password.vhd(32)
Info (10041): Inferred latch for "now_state.final" at Password.vhd(32)
Info (10041): Inferred latch for "now_state.check3" at Password.vhd(32)
Info (10041): Inferred latch for "now_state.check2" at Password.vhd(32)
Info (10041): Inferred latch for "now_state.check1" at Password.vhd(32)
Info (10041): Inferred latch for "now_state.in4" at Password.vhd(32)
Info (10041): Inferred latch for "now_state.in3" at Password.vhd(32)
Info (10041): Inferred latch for "now_state.in2" at Password.vhd(32)
Info (10041): Inferred latch for "now_state.in1" at Password.vhd(32)
Info (10041): Inferred latch for "now_state.start" at Password.vhd(32)
Warning (13012): Latch status[0] has unsafe behavior
    Warning (13013): Ports D and ENA on the latch are fed by the same signal WideNor1
Warning (13012): Latch status[1] has unsafe behavior
    Warning (13013): Ports D and ENA on the latch are fed by the same signal WideNor1
Warning (13012): Latch status[2] has unsafe behavior
    Warning (13013): Ports D and ENA on the latch are fed by the same signal WideNor1
Warning (13012): Latch status[3] has unsafe behavior
    Warning (13013): Ports D and ENA on the latch are fed by the same signal WideNor1
Warning (13012): Latch now_state.check3_515 has unsafe behavior
    Warning (13013): Ports ENA and CLR on the latch are fed by the same signal mode[0]
Warning (13012): Latch now_state.start_558 has unsafe behavior
    Warning (13013): Ports ENA and CLR on the latch are fed by the same signal mode[0]
Warning (13012): Latch now_state.check1_527 has unsafe behavior
    Warning (13013): Ports ENA and CLR on the latch are fed by the same signal mode[0]
Warning (13012): Latch now_state.check2_521 has unsafe behavior
    Warning (13013): Ports ENA and CLR on the latch are fed by the same signal mode[0]
Warning (13024): Output pins are stuck at VCC or GND
    Warning (13410): Pin "fail" is stuck at VCC
Warning (21074): Design contains 1 input pin(s) that do not drive logic
    Warning (15610): No output dependent on input pin "clock"
Info (21057): Implemented 82 device resources after synthesis - the final resource count might be different
    Info (21058): Implemented 8 input pins
    Info (21059): Implemented 6 output pins
    Info (21061): Implemented 68 logic cells
Info: Quartus II 64-Bit Analysis & Synthesis was successful. 0 errors, 49 warnings
    Info: Peak virtual memory: 4627 megabytes
    Info: Processing ended: Wed May 13 20:18:37 2020
    Info: Elapsed time: 00:00:03
    Info: Total CPU time (on all processors): 00:00:02


