TimeQuest Timing Analyzer report for Counter
Tue Apr 28 19:14:47 2020
Quartus II 64-Bit Version 13.0.1 Build 232 06/12/2013 Service Pack 1 SJ Web Edition


---------------------
; Table of Contents ;
---------------------
  1. Legal Notice
  2. TimeQuest Timing Analyzer Summary
  3. Parallel Compilation
  4. Clocks
  5. Fmax Summary
  6. Setup Summary
  7. Hold Summary
  8. Recovery Summary
  9. Removal Summary
 10. Minimum Pulse Width Summary
 11. Setup: 'D_Flip_Flop:u3|Q'
 12. Setup: 'original_clock'
 13. Hold: 'original_clock'
 14. Hold: 'D_Flip_Flop:u3|Q'
 15. Minimum Pulse Width: 'original_clock'
 16. Minimum Pulse Width: 'D_Flip_Flop:u3|Q'
 17. Clock to Output Times
 18. Minimum Clock to Output Times
 19. Setup Transfers
 20. Hold Transfers
 21. Report TCCS
 22. Report RSKM
 23. Unconstrained Paths
 24. TimeQuest Timing Analyzer Messages



----------------
; Legal Notice ;
----------------
Copyright (C) 1991-2013 Altera Corporation
Your use of Altera Corporation's design tools, logic functions 
and other software and tools, and its AMPP partner logic 
functions, and any output files from any of the foregoing 
(including device programming or simulation files), and any 
associated documentation or information are expressly subject 
to the terms and conditions of the Altera Program License 
Subscription Agreement, Altera MegaCore Function License 
Agreement, or other applicable license agreement, including, 
without limitation, that your use is for the sole purpose of 
programming logic devices manufactured by Altera and sold by 
Altera or its authorized distributors.  Please refer to the 
applicable agreement for further details.



+----------------------------------------------------------------------------------------+
; TimeQuest Timing Analyzer Summary                                                      ;
+--------------------+-------------------------------------------------------------------+
; Quartus II Version ; Version 13.0.1 Build 232 06/12/2013 Service Pack 1 SJ Web Edition ;
; Revision Name      ; Counter                                                           ;
; Device Family      ; MAX II                                                            ;
; Device Name        ; EPM240F100C5                                                      ;
; Timing Models      ; Final                                                             ;
; Delay Model        ; Slow Model                                                        ;
; Rise/Fall Delays   ; Unavailable                                                       ;
+--------------------+-------------------------------------------------------------------+


Parallel compilation was disabled, but you have multiple processors available. Enable parallel compilation to reduce compilation time.
+-------------------------------------+
; Parallel Compilation                ;
+----------------------------+--------+
; Processors                 ; Number ;
+----------------------------+--------+
; Number detected on machine ; 8      ;
; Maximum allowed            ; 1      ;
+----------------------------+--------+


+----------------------------------------------------------------------------------------------------------------------------------------------------------------------------------------------------+
; Clocks                                                                                                                                                                                             ;
+------------------+------+--------+------------+-------+-------+------------+-----------+-------------+-------+--------+-----------+------------+----------+--------+--------+----------------------+
; Clock Name       ; Type ; Period ; Frequency  ; Rise  ; Fall  ; Duty Cycle ; Divide by ; Multiply by ; Phase ; Offset ; Edge List ; Edge Shift ; Inverted ; Master ; Source ; Targets              ;
+------------------+------+--------+------------+-------+-------+------------+-----------+-------------+-------+--------+-----------+------------+----------+--------+--------+----------------------+
; D_Flip_Flop:u3|Q ; Base ; 1.000  ; 1000.0 MHz ; 0.000 ; 0.500 ;            ;           ;             ;       ;        ;           ;            ;          ;        ;        ; { D_Flip_Flop:u3|Q } ;
; original_clock   ; Base ; 1.000  ; 1000.0 MHz ; 0.000 ; 0.500 ;            ;           ;             ;       ;        ;           ;            ;          ;        ;        ; { original_clock }   ;
+------------------+------+--------+------------+-------+-------+------------+-----------+-------------+-------+--------+-----------+------------+----------+--------+--------+----------------------+


+-----------------------------------------------------------------------------------------------------------------+
; Fmax Summary                                                                                                    ;
+------------+-----------------+------------------+---------------------------------------------------------------+
; Fmax       ; Restricted Fmax ; Clock Name       ; Note                                                          ;
+------------+-----------------+------------------+---------------------------------------------------------------+
; 367.11 MHz ; 367.11 MHz      ; D_Flip_Flop:u3|Q ;                                                               ;
; 367.78 MHz ; 304.04 MHz      ; original_clock   ; limit due to minimum period restriction (max I/O toggle rate) ;
+------------+-----------------+------------------+---------------------------------------------------------------+
This panel reports FMAX for every clock in the design, regardless of the user-specified clock periods.  FMAX is only computed for paths where the source and destination registers or ports are driven by the same clock.  Paths of different clocks, including generated clocks, are ignored.  For paths between a clock and its inversion, FMAX is computed as if the rising and falling edges are scaled along with FMAX, such that the duty cycle (in terms of a percentage) is maintained. Altera recommends that you always use clock constraints and other slack reports for sign-off analysis.


+-------------------------------------------+
; Setup Summary                             ;
+------------------+--------+---------------+
; Clock            ; Slack  ; End Point TNS ;
+------------------+--------+---------------+
; D_Flip_Flop:u3|Q ; -1.724 ; -4.688        ;
; original_clock   ; -1.719 ; -6.451        ;
+------------------+--------+---------------+


+-------------------------------------------+
; Hold Summary                              ;
+------------------+--------+---------------+
; Clock            ; Slack  ; End Point TNS ;
+------------------+--------+---------------+
; original_clock   ; -1.512 ; -2.664        ;
; D_Flip_Flop:u3|Q ; 1.684  ; 0.000         ;
+------------------+--------+---------------+


--------------------
; Recovery Summary ;
--------------------
No paths to report.


-------------------
; Removal Summary ;
-------------------
No paths to report.


+-------------------------------------------+
; Minimum Pulse Width Summary               ;
+------------------+--------+---------------+
; Clock            ; Slack  ; End Point TNS ;
+------------------+--------+---------------+
; original_clock   ; -2.289 ; -2.289        ;
; D_Flip_Flop:u3|Q ; 0.234  ; 0.000         ;
+------------------+--------+---------------+


+---------------------------------------------------------------------------------------------------------------------------------------+
; Setup: 'D_Flip_Flop:u3|Q'                                                                                                             ;
+--------+-----------------------+-----------------------+------------------+------------------+--------------+------------+------------+
; Slack  ; From Node             ; To Node               ; Launch Clock     ; Latch Clock      ; Relationship ; Clock Skew ; Data Delay ;
+--------+-----------------------+-----------------------+------------------+------------------+--------------+------------+------------+
; -1.724 ; D_Flip_Flop_Fall:u4|Q ; D_Flip_Flop_Fall:u6|Q ; D_Flip_Flop:u3|Q ; D_Flip_Flop:u3|Q ; 1.000        ; 0.000      ; 2.391      ;
; -1.716 ; D_Flip_Flop_Fall:u6|Q ; D_Flip_Flop_Fall:u5|Q ; D_Flip_Flop:u3|Q ; D_Flip_Flop:u3|Q ; 1.000        ; 0.000      ; 2.383      ;
; -1.605 ; D_Flip_Flop_Fall:u5|Q ; D_Flip_Flop_Fall:u6|Q ; D_Flip_Flop:u3|Q ; D_Flip_Flop:u3|Q ; 1.000        ; 0.000      ; 2.272      ;
; -1.577 ; D_Flip_Flop_Fall:u5|Q ; D_Flip_Flop_Fall:u5|Q ; D_Flip_Flop:u3|Q ; D_Flip_Flop:u3|Q ; 1.000        ; 0.000      ; 2.244      ;
; -1.250 ; D_Flip_Flop_Fall:u4|Q ; D_Flip_Flop_Fall:u5|Q ; D_Flip_Flop:u3|Q ; D_Flip_Flop:u3|Q ; 1.000        ; 0.000      ; 1.917      ;
; -1.248 ; D_Flip_Flop_Fall:u4|Q ; D_Flip_Flop_Fall:u4|Q ; D_Flip_Flop:u3|Q ; D_Flip_Flop:u3|Q ; 1.000        ; 0.000      ; 1.915      ;
; -1.238 ; D_Flip_Flop_Fall:u6|Q ; D_Flip_Flop_Fall:u6|Q ; D_Flip_Flop:u3|Q ; D_Flip_Flop:u3|Q ; 1.000        ; 0.000      ; 1.905      ;
+--------+-----------------------+-----------------------+------------------+------------------+--------------+------------+------------+


+---------------------------------------------------------------------------------------------------------------------------+
; Setup: 'original_clock'                                                                                                   ;
+--------+------------------+------------------+------------------+----------------+--------------+------------+------------+
; Slack  ; From Node        ; To Node          ; Launch Clock     ; Latch Clock    ; Relationship ; Clock Skew ; Data Delay ;
+--------+------------------+------------------+------------------+----------------+--------------+------------+------------+
; -1.719 ; D_Flip_Flop:u1|Q ; D_Flip_Flop:u3|Q ; original_clock   ; original_clock ; 1.000        ; 0.000      ; 2.386      ;
; -1.706 ; D_Flip_Flop:u2|Q ; D_Flip_Flop:u2|Q ; original_clock   ; original_clock ; 1.000        ; 0.000      ; 2.373      ;
; -1.521 ; D_Flip_Flop:u0|Q ; D_Flip_Flop:u3|Q ; original_clock   ; original_clock ; 1.000        ; 0.000      ; 2.188      ;
; -1.520 ; D_Flip_Flop:u0|Q ; D_Flip_Flop:u1|Q ; original_clock   ; original_clock ; 1.000        ; 0.000      ; 2.187      ;
; -1.510 ; D_Flip_Flop:u0|Q ; D_Flip_Flop:u2|Q ; original_clock   ; original_clock ; 1.000        ; 0.000      ; 2.177      ;
; -1.506 ; D_Flip_Flop:u0|Q ; D_Flip_Flop:u0|Q ; original_clock   ; original_clock ; 1.000        ; 0.000      ; 2.173      ;
; -1.255 ; D_Flip_Flop:u1|Q ; D_Flip_Flop:u2|Q ; original_clock   ; original_clock ; 1.000        ; 0.000      ; 1.922      ;
; -1.248 ; D_Flip_Flop:u1|Q ; D_Flip_Flop:u1|Q ; original_clock   ; original_clock ; 1.000        ; 0.000      ; 1.915      ;
; -1.247 ; D_Flip_Flop:u2|Q ; D_Flip_Flop:u3|Q ; original_clock   ; original_clock ; 1.000        ; 0.000      ; 1.914      ;
; 1.098  ; D_Flip_Flop:u3|Q ; D_Flip_Flop:u1|Q ; D_Flip_Flop:u3|Q ; original_clock ; 0.500        ; 3.348      ; 2.793      ;
; 1.458  ; D_Flip_Flop:u3|Q ; D_Flip_Flop:u3|Q ; D_Flip_Flop:u3|Q ; original_clock ; 0.500        ; 3.348      ; 2.433      ;
; 1.598  ; D_Flip_Flop:u3|Q ; D_Flip_Flop:u1|Q ; D_Flip_Flop:u3|Q ; original_clock ; 1.000        ; 3.348      ; 2.793      ;
; 1.958  ; D_Flip_Flop:u3|Q ; D_Flip_Flop:u3|Q ; D_Flip_Flop:u3|Q ; original_clock ; 1.000        ; 3.348      ; 2.433      ;
+--------+------------------+------------------+------------------+----------------+--------------+------------+------------+


+---------------------------------------------------------------------------------------------------------------------------+
; Hold: 'original_clock'                                                                                                    ;
+--------+------------------+------------------+------------------+----------------+--------------+------------+------------+
; Slack  ; From Node        ; To Node          ; Launch Clock     ; Latch Clock    ; Relationship ; Clock Skew ; Data Delay ;
+--------+------------------+------------------+------------------+----------------+--------------+------------+------------+
; -1.512 ; D_Flip_Flop:u3|Q ; D_Flip_Flop:u3|Q ; D_Flip_Flop:u3|Q ; original_clock ; 0.000        ; 3.348      ; 2.433      ;
; -1.152 ; D_Flip_Flop:u3|Q ; D_Flip_Flop:u1|Q ; D_Flip_Flop:u3|Q ; original_clock ; 0.000        ; 3.348      ; 2.793      ;
; -1.012 ; D_Flip_Flop:u3|Q ; D_Flip_Flop:u3|Q ; D_Flip_Flop:u3|Q ; original_clock ; -0.500       ; 3.348      ; 2.433      ;
; -0.652 ; D_Flip_Flop:u3|Q ; D_Flip_Flop:u1|Q ; D_Flip_Flop:u3|Q ; original_clock ; -0.500       ; 3.348      ; 2.793      ;
; 1.693  ; D_Flip_Flop:u2|Q ; D_Flip_Flop:u3|Q ; original_clock   ; original_clock ; 0.000        ; 0.000      ; 1.914      ;
; 1.694  ; D_Flip_Flop:u1|Q ; D_Flip_Flop:u1|Q ; original_clock   ; original_clock ; 0.000        ; 0.000      ; 1.915      ;
; 1.701  ; D_Flip_Flop:u1|Q ; D_Flip_Flop:u2|Q ; original_clock   ; original_clock ; 0.000        ; 0.000      ; 1.922      ;
; 1.952  ; D_Flip_Flop:u0|Q ; D_Flip_Flop:u0|Q ; original_clock   ; original_clock ; 0.000        ; 0.000      ; 2.173      ;
; 1.956  ; D_Flip_Flop:u0|Q ; D_Flip_Flop:u2|Q ; original_clock   ; original_clock ; 0.000        ; 0.000      ; 2.177      ;
; 1.966  ; D_Flip_Flop:u0|Q ; D_Flip_Flop:u1|Q ; original_clock   ; original_clock ; 0.000        ; 0.000      ; 2.187      ;
; 1.967  ; D_Flip_Flop:u0|Q ; D_Flip_Flop:u3|Q ; original_clock   ; original_clock ; 0.000        ; 0.000      ; 2.188      ;
; 2.152  ; D_Flip_Flop:u2|Q ; D_Flip_Flop:u2|Q ; original_clock   ; original_clock ; 0.000        ; 0.000      ; 2.373      ;
; 2.165  ; D_Flip_Flop:u1|Q ; D_Flip_Flop:u3|Q ; original_clock   ; original_clock ; 0.000        ; 0.000      ; 2.386      ;
+--------+------------------+------------------+------------------+----------------+--------------+------------+------------+


+--------------------------------------------------------------------------------------------------------------------------------------+
; Hold: 'D_Flip_Flop:u3|Q'                                                                                                             ;
+-------+-----------------------+-----------------------+------------------+------------------+--------------+------------+------------+
; Slack ; From Node             ; To Node               ; Launch Clock     ; Latch Clock      ; Relationship ; Clock Skew ; Data Delay ;
+-------+-----------------------+-----------------------+------------------+------------------+--------------+------------+------------+
; 1.684 ; D_Flip_Flop_Fall:u6|Q ; D_Flip_Flop_Fall:u6|Q ; D_Flip_Flop:u3|Q ; D_Flip_Flop:u3|Q ; 0.000        ; 0.000      ; 1.905      ;
; 1.694 ; D_Flip_Flop_Fall:u4|Q ; D_Flip_Flop_Fall:u4|Q ; D_Flip_Flop:u3|Q ; D_Flip_Flop:u3|Q ; 0.000        ; 0.000      ; 1.915      ;
; 1.696 ; D_Flip_Flop_Fall:u4|Q ; D_Flip_Flop_Fall:u5|Q ; D_Flip_Flop:u3|Q ; D_Flip_Flop:u3|Q ; 0.000        ; 0.000      ; 1.917      ;
; 2.023 ; D_Flip_Flop_Fall:u5|Q ; D_Flip_Flop_Fall:u5|Q ; D_Flip_Flop:u3|Q ; D_Flip_Flop:u3|Q ; 0.000        ; 0.000      ; 2.244      ;
; 2.051 ; D_Flip_Flop_Fall:u5|Q ; D_Flip_Flop_Fall:u6|Q ; D_Flip_Flop:u3|Q ; D_Flip_Flop:u3|Q ; 0.000        ; 0.000      ; 2.272      ;
; 2.162 ; D_Flip_Flop_Fall:u6|Q ; D_Flip_Flop_Fall:u5|Q ; D_Flip_Flop:u3|Q ; D_Flip_Flop:u3|Q ; 0.000        ; 0.000      ; 2.383      ;
; 2.170 ; D_Flip_Flop_Fall:u4|Q ; D_Flip_Flop_Fall:u6|Q ; D_Flip_Flop:u3|Q ; D_Flip_Flop:u3|Q ; 0.000        ; 0.000      ; 2.391      ;
+-------+-----------------------+-----------------------+------------------+------------------+--------------+------------+------------+


+------------------------------------------------------------------------------------------------------------------+
; Minimum Pulse Width: 'original_clock'                                                                            ;
+--------+--------------+----------------+------------------+----------------+------------+------------------------+
; Slack  ; Actual Width ; Required Width ; Type             ; Clock          ; Clock Edge ; Target                 ;
+--------+--------------+----------------+------------------+----------------+------------+------------------------+
; -2.289 ; 1.000        ; 3.289          ; Port Rate        ; original_clock ; Rise       ; original_clock         ;
; 0.234  ; 0.500        ; 0.266          ; High Pulse Width ; original_clock ; Rise       ; D_Flip_Flop:u0|Q       ;
; 0.234  ; 0.500        ; 0.266          ; Low Pulse Width  ; original_clock ; Rise       ; D_Flip_Flop:u0|Q       ;
; 0.234  ; 0.500        ; 0.266          ; High Pulse Width ; original_clock ; Rise       ; D_Flip_Flop:u1|Q       ;
; 0.234  ; 0.500        ; 0.266          ; Low Pulse Width  ; original_clock ; Rise       ; D_Flip_Flop:u1|Q       ;
; 0.234  ; 0.500        ; 0.266          ; High Pulse Width ; original_clock ; Rise       ; D_Flip_Flop:u2|Q       ;
; 0.234  ; 0.500        ; 0.266          ; Low Pulse Width  ; original_clock ; Rise       ; D_Flip_Flop:u2|Q       ;
; 0.234  ; 0.500        ; 0.266          ; High Pulse Width ; original_clock ; Rise       ; D_Flip_Flop:u3|Q       ;
; 0.234  ; 0.500        ; 0.266          ; Low Pulse Width  ; original_clock ; Rise       ; D_Flip_Flop:u3|Q       ;
; 0.500  ; 0.500        ; 0.000          ; High Pulse Width ; original_clock ; Rise       ; original_clock|combout ;
; 0.500  ; 0.500        ; 0.000          ; Low Pulse Width  ; original_clock ; Rise       ; original_clock|combout ;
; 0.500  ; 0.500        ; 0.000          ; High Pulse Width ; original_clock ; Rise       ; u0|Q|clk               ;
; 0.500  ; 0.500        ; 0.000          ; Low Pulse Width  ; original_clock ; Rise       ; u0|Q|clk               ;
; 0.500  ; 0.500        ; 0.000          ; High Pulse Width ; original_clock ; Rise       ; u1|Q|clk               ;
; 0.500  ; 0.500        ; 0.000          ; Low Pulse Width  ; original_clock ; Rise       ; u1|Q|clk               ;
; 0.500  ; 0.500        ; 0.000          ; High Pulse Width ; original_clock ; Rise       ; u2|Q|clk               ;
; 0.500  ; 0.500        ; 0.000          ; Low Pulse Width  ; original_clock ; Rise       ; u2|Q|clk               ;
; 0.500  ; 0.500        ; 0.000          ; High Pulse Width ; original_clock ; Rise       ; u3|Q|clk               ;
; 0.500  ; 0.500        ; 0.000          ; Low Pulse Width  ; original_clock ; Rise       ; u3|Q|clk               ;
+--------+--------------+----------------+------------------+----------------+------------+------------------------+


+------------------------------------------------------------------------------------------------------------------+
; Minimum Pulse Width: 'D_Flip_Flop:u3|Q'                                                                          ;
+-------+--------------+----------------+------------------+------------------+------------+-----------------------+
; Slack ; Actual Width ; Required Width ; Type             ; Clock            ; Clock Edge ; Target                ;
+-------+--------------+----------------+------------------+------------------+------------+-----------------------+
; 0.234 ; 0.500        ; 0.266          ; High Pulse Width ; D_Flip_Flop:u3|Q ; Fall       ; D_Flip_Flop_Fall:u4|Q ;
; 0.234 ; 0.500        ; 0.266          ; Low Pulse Width  ; D_Flip_Flop:u3|Q ; Fall       ; D_Flip_Flop_Fall:u4|Q ;
; 0.234 ; 0.500        ; 0.266          ; High Pulse Width ; D_Flip_Flop:u3|Q ; Fall       ; D_Flip_Flop_Fall:u5|Q ;
; 0.234 ; 0.500        ; 0.266          ; Low Pulse Width  ; D_Flip_Flop:u3|Q ; Fall       ; D_Flip_Flop_Fall:u5|Q ;
; 0.234 ; 0.500        ; 0.266          ; High Pulse Width ; D_Flip_Flop:u3|Q ; Fall       ; D_Flip_Flop_Fall:u6|Q ;
; 0.234 ; 0.500        ; 0.266          ; Low Pulse Width  ; D_Flip_Flop:u3|Q ; Fall       ; D_Flip_Flop_Fall:u6|Q ;
; 0.500 ; 0.500        ; 0.000          ; High Pulse Width ; D_Flip_Flop:u3|Q ; Rise       ; u3|Q|regout           ;
; 0.500 ; 0.500        ; 0.000          ; Low Pulse Width  ; D_Flip_Flop:u3|Q ; Rise       ; u3|Q|regout           ;
; 0.500 ; 0.500        ; 0.000          ; High Pulse Width ; D_Flip_Flop:u3|Q ; Rise       ; u4|Q|clk              ;
; 0.500 ; 0.500        ; 0.000          ; Low Pulse Width  ; D_Flip_Flop:u3|Q ; Rise       ; u4|Q|clk              ;
; 0.500 ; 0.500        ; 0.000          ; High Pulse Width ; D_Flip_Flop:u3|Q ; Rise       ; u5|Q|clk              ;
; 0.500 ; 0.500        ; 0.000          ; Low Pulse Width  ; D_Flip_Flop:u3|Q ; Rise       ; u5|Q|clk              ;
; 0.500 ; 0.500        ; 0.000          ; High Pulse Width ; D_Flip_Flop:u3|Q ; Rise       ; u6|Q|clk              ;
; 0.500 ; 0.500        ; 0.000          ; Low Pulse Width  ; D_Flip_Flop:u3|Q ; Rise       ; u6|Q|clk              ;
+-------+--------------+----------------+------------------+------------------+------------+-----------------------+


+------------------------------------------------------------------------------------------------+
; Clock to Output Times                                                                          ;
+---------------------------+------------------+--------+--------+------------+------------------+
; Data Port                 ; Clock Port       ; Rise   ; Fall   ; Clock Edge ; Clock Reference  ;
+---------------------------+------------------+--------+--------+------------+------------------+
; natural_out_encoded_0[*]  ; D_Flip_Flop:u3|Q ; 7.629  ;        ; Rise       ; D_Flip_Flop:u3|Q ;
;  natural_out_encoded_0[0] ; D_Flip_Flop:u3|Q ; 5.712  ;        ; Rise       ; D_Flip_Flop:u3|Q ;
;  natural_out_encoded_0[1] ; D_Flip_Flop:u3|Q ; 5.717  ;        ; Rise       ; D_Flip_Flop:u3|Q ;
;  natural_out_encoded_0[2] ; D_Flip_Flop:u3|Q ; 6.324  ;        ; Rise       ; D_Flip_Flop:u3|Q ;
;  natural_out_encoded_0[3] ; D_Flip_Flop:u3|Q ; 5.707  ;        ; Rise       ; D_Flip_Flop:u3|Q ;
;  natural_out_encoded_0[4] ; D_Flip_Flop:u3|Q ; 7.629  ;        ; Rise       ; D_Flip_Flop:u3|Q ;
;  natural_out_encoded_0[5] ; D_Flip_Flop:u3|Q ; 5.708  ;        ; Rise       ; D_Flip_Flop:u3|Q ;
;  natural_out_encoded_0[6] ; D_Flip_Flop:u3|Q ; 5.732  ;        ; Rise       ; D_Flip_Flop:u3|Q ;
; natural_out_encoded_0[*]  ; D_Flip_Flop:u3|Q ;        ; 7.629  ; Fall       ; D_Flip_Flop:u3|Q ;
;  natural_out_encoded_0[0] ; D_Flip_Flop:u3|Q ;        ; 5.712  ; Fall       ; D_Flip_Flop:u3|Q ;
;  natural_out_encoded_0[1] ; D_Flip_Flop:u3|Q ;        ; 5.717  ; Fall       ; D_Flip_Flop:u3|Q ;
;  natural_out_encoded_0[2] ; D_Flip_Flop:u3|Q ;        ; 6.324  ; Fall       ; D_Flip_Flop:u3|Q ;
;  natural_out_encoded_0[3] ; D_Flip_Flop:u3|Q ;        ; 5.707  ; Fall       ; D_Flip_Flop:u3|Q ;
;  natural_out_encoded_0[4] ; D_Flip_Flop:u3|Q ;        ; 7.629  ; Fall       ; D_Flip_Flop:u3|Q ;
;  natural_out_encoded_0[5] ; D_Flip_Flop:u3|Q ;        ; 5.708  ; Fall       ; D_Flip_Flop:u3|Q ;
;  natural_out_encoded_0[6] ; D_Flip_Flop:u3|Q ;        ; 5.732  ; Fall       ; D_Flip_Flop:u3|Q ;
; natural_out_encoded_1[*]  ; D_Flip_Flop:u3|Q ; 10.050 ; 10.050 ; Fall       ; D_Flip_Flop:u3|Q ;
;  natural_out_encoded_1[0] ; D_Flip_Flop:u3|Q ; 10.036 ; 10.036 ; Fall       ; D_Flip_Flop:u3|Q ;
;  natural_out_encoded_1[1] ; D_Flip_Flop:u3|Q ; 10.050 ; 10.050 ; Fall       ; D_Flip_Flop:u3|Q ;
;  natural_out_encoded_1[2] ; D_Flip_Flop:u3|Q ; 9.428  ; 9.428  ; Fall       ; D_Flip_Flop:u3|Q ;
;  natural_out_encoded_1[3] ; D_Flip_Flop:u3|Q ; 9.401  ; 9.401  ; Fall       ; D_Flip_Flop:u3|Q ;
;  natural_out_encoded_1[4] ; D_Flip_Flop:u3|Q ; 9.420  ; 9.420  ; Fall       ; D_Flip_Flop:u3|Q ;
;  natural_out_encoded_1[5] ; D_Flip_Flop:u3|Q ; 9.421  ; 9.421  ; Fall       ; D_Flip_Flop:u3|Q ;
;  natural_out_encoded_1[6] ; D_Flip_Flop:u3|Q ; 9.412  ; 9.412  ; Fall       ; D_Flip_Flop:u3|Q ;
; natural_out_encoded_0[*]  ; original_clock   ; 11.536 ; 11.536 ; Rise       ; original_clock   ;
;  natural_out_encoded_0[0] ; original_clock   ; 9.832  ; 9.832  ; Rise       ; original_clock   ;
;  natural_out_encoded_0[1] ; original_clock   ; 9.838  ; 9.838  ; Rise       ; original_clock   ;
;  natural_out_encoded_0[2] ; original_clock   ; 10.231 ; 10.231 ; Rise       ; original_clock   ;
;  natural_out_encoded_0[3] ; original_clock   ; 9.620  ; 9.620  ; Rise       ; original_clock   ;
;  natural_out_encoded_0[4] ; original_clock   ; 11.536 ; 11.536 ; Rise       ; original_clock   ;
;  natural_out_encoded_0[5] ; original_clock   ; 9.620  ; 9.620  ; Rise       ; original_clock   ;
;  natural_out_encoded_0[6] ; original_clock   ; 9.852  ; 9.852  ; Rise       ; original_clock   ;
+---------------------------+------------------+--------+--------+------------+------------------+


+------------------------------------------------------------------------------------------------+
; Minimum Clock to Output Times                                                                  ;
+---------------------------+------------------+--------+--------+------------+------------------+
; Data Port                 ; Clock Port       ; Rise   ; Fall   ; Clock Edge ; Clock Reference  ;
+---------------------------+------------------+--------+--------+------------+------------------+
; natural_out_encoded_0[*]  ; D_Flip_Flop:u3|Q ; 5.707  ;        ; Rise       ; D_Flip_Flop:u3|Q ;
;  natural_out_encoded_0[0] ; D_Flip_Flop:u3|Q ; 5.712  ;        ; Rise       ; D_Flip_Flop:u3|Q ;
;  natural_out_encoded_0[1] ; D_Flip_Flop:u3|Q ; 5.717  ;        ; Rise       ; D_Flip_Flop:u3|Q ;
;  natural_out_encoded_0[2] ; D_Flip_Flop:u3|Q ; 6.324  ;        ; Rise       ; D_Flip_Flop:u3|Q ;
;  natural_out_encoded_0[3] ; D_Flip_Flop:u3|Q ; 5.707  ;        ; Rise       ; D_Flip_Flop:u3|Q ;
;  natural_out_encoded_0[4] ; D_Flip_Flop:u3|Q ; 7.629  ;        ; Rise       ; D_Flip_Flop:u3|Q ;
;  natural_out_encoded_0[5] ; D_Flip_Flop:u3|Q ; 5.708  ;        ; Rise       ; D_Flip_Flop:u3|Q ;
;  natural_out_encoded_0[6] ; D_Flip_Flop:u3|Q ; 5.732  ;        ; Rise       ; D_Flip_Flop:u3|Q ;
; natural_out_encoded_0[*]  ; D_Flip_Flop:u3|Q ;        ; 5.707  ; Fall       ; D_Flip_Flop:u3|Q ;
;  natural_out_encoded_0[0] ; D_Flip_Flop:u3|Q ;        ; 5.712  ; Fall       ; D_Flip_Flop:u3|Q ;
;  natural_out_encoded_0[1] ; D_Flip_Flop:u3|Q ;        ; 5.717  ; Fall       ; D_Flip_Flop:u3|Q ;
;  natural_out_encoded_0[2] ; D_Flip_Flop:u3|Q ;        ; 6.324  ; Fall       ; D_Flip_Flop:u3|Q ;
;  natural_out_encoded_0[3] ; D_Flip_Flop:u3|Q ;        ; 5.707  ; Fall       ; D_Flip_Flop:u3|Q ;
;  natural_out_encoded_0[4] ; D_Flip_Flop:u3|Q ;        ; 7.629  ; Fall       ; D_Flip_Flop:u3|Q ;
;  natural_out_encoded_0[5] ; D_Flip_Flop:u3|Q ;        ; 5.708  ; Fall       ; D_Flip_Flop:u3|Q ;
;  natural_out_encoded_0[6] ; D_Flip_Flop:u3|Q ;        ; 5.732  ; Fall       ; D_Flip_Flop:u3|Q ;
; natural_out_encoded_1[*]  ; D_Flip_Flop:u3|Q ; 8.783  ; 8.783  ; Fall       ; D_Flip_Flop:u3|Q ;
;  natural_out_encoded_1[0] ; D_Flip_Flop:u3|Q ; 9.414  ; 9.414  ; Fall       ; D_Flip_Flop:u3|Q ;
;  natural_out_encoded_1[1] ; D_Flip_Flop:u3|Q ; 9.431  ; 9.431  ; Fall       ; D_Flip_Flop:u3|Q ;
;  natural_out_encoded_1[2] ; D_Flip_Flop:u3|Q ; 8.812  ; 8.812  ; Fall       ; D_Flip_Flop:u3|Q ;
;  natural_out_encoded_1[3] ; D_Flip_Flop:u3|Q ; 8.783  ; 8.783  ; Fall       ; D_Flip_Flop:u3|Q ;
;  natural_out_encoded_1[4] ; D_Flip_Flop:u3|Q ; 8.805  ; 8.805  ; Fall       ; D_Flip_Flop:u3|Q ;
;  natural_out_encoded_1[5] ; D_Flip_Flop:u3|Q ; 8.806  ; 8.806  ; Fall       ; D_Flip_Flop:u3|Q ;
;  natural_out_encoded_1[6] ; D_Flip_Flop:u3|Q ; 8.792  ; 8.792  ; Fall       ; D_Flip_Flop:u3|Q ;
; natural_out_encoded_0[*]  ; original_clock   ; 8.310  ; 8.310  ; Rise       ; original_clock   ;
;  natural_out_encoded_0[0] ; original_clock   ; 9.390  ; 9.390  ; Rise       ; original_clock   ;
;  natural_out_encoded_0[1] ; original_clock   ; 9.395  ; 9.395  ; Rise       ; original_clock   ;
;  natural_out_encoded_0[2] ; original_clock   ; 8.940  ; 8.940  ; Rise       ; original_clock   ;
;  natural_out_encoded_0[3] ; original_clock   ; 8.312  ; 8.312  ; Rise       ; original_clock   ;
;  natural_out_encoded_0[4] ; original_clock   ; 10.244 ; 10.244 ; Rise       ; original_clock   ;
;  natural_out_encoded_0[5] ; original_clock   ; 8.310  ; 8.310  ; Rise       ; original_clock   ;
;  natural_out_encoded_0[6] ; original_clock   ; 9.410  ; 9.410  ; Rise       ; original_clock   ;
+---------------------------+------------------+--------+--------+------------+------------------+


+---------------------------------------------------------------------------------+
; Setup Transfers                                                                 ;
+------------------+------------------+----------+----------+----------+----------+
; From Clock       ; To Clock         ; RR Paths ; FR Paths ; RF Paths ; FF Paths ;
+------------------+------------------+----------+----------+----------+----------+
; D_Flip_Flop:u3|Q ; D_Flip_Flop:u3|Q ; 0        ; 0        ; 0        ; 7        ;
; D_Flip_Flop:u3|Q ; original_clock   ; 2        ; 2        ; 0        ; 0        ;
; original_clock   ; original_clock   ; 9        ; 0        ; 0        ; 0        ;
+------------------+------------------+----------+----------+----------+----------+
Entries labeled "false path" only account for clock-to-clock false paths and not path-based false paths. As a result, actual path counts may be lower than reported.


+---------------------------------------------------------------------------------+
; Hold Transfers                                                                  ;
+------------------+------------------+----------+----------+----------+----------+
; From Clock       ; To Clock         ; RR Paths ; FR Paths ; RF Paths ; FF Paths ;
+------------------+------------------+----------+----------+----------+----------+
; D_Flip_Flop:u3|Q ; D_Flip_Flop:u3|Q ; 0        ; 0        ; 0        ; 7        ;
; D_Flip_Flop:u3|Q ; original_clock   ; 2        ; 2        ; 0        ; 0        ;
; original_clock   ; original_clock   ; 9        ; 0        ; 0        ; 0        ;
+------------------+------------------+----------+----------+----------+----------+
Entries labeled "false path" only account for clock-to-clock false paths and not path-based false paths. As a result, actual path counts may be lower than reported.


---------------
; Report TCCS ;
---------------
No dedicated SERDES Transmitter circuitry present in device or used in design


---------------
; Report RSKM ;
---------------
No dedicated SERDES Receiver circuitry present in device or used in design


+------------------------------------------------+
; Unconstrained Paths                            ;
+---------------------------------+-------+------+
; Property                        ; Setup ; Hold ;
+---------------------------------+-------+------+
; Illegal Clocks                  ; 0     ; 0    ;
; Unconstrained Clocks            ; 0     ; 0    ;
; Unconstrained Input Ports       ; 1     ; 1    ;
; Unconstrained Input Port Paths  ; 7     ; 7    ;
; Unconstrained Output Ports      ; 14    ; 14   ;
; Unconstrained Output Port Paths ; 49    ; 49   ;
+---------------------------------+-------+------+


+------------------------------------+
; TimeQuest Timing Analyzer Messages ;
+------------------------------------+
Info: *******************************************************************
Info: Running Quartus II 64-Bit TimeQuest Timing Analyzer
    Info: Version 13.0.1 Build 232 06/12/2013 Service Pack 1 SJ Web Edition
    Info: Processing started: Tue Apr 28 19:14:45 2020
Info: Command: quartus_sta Counter -c Counter
Info: qsta_default_script.tcl version: #1
Warning (20028): Parallel compilation is not licensed and has been disabled
Info (21077): Low junction temperature is 0 degrees C
Info (21077): High junction temperature is 85 degrees C
Info (306004): Started post-fitting delay annotation
Info (306005): Delay annotation completed successfully
Critical Warning (332012): Synopsys Design Constraints File file not found: 'Counter.sdc'. A Synopsys Design Constraints File is required by the TimeQuest Timing Analyzer to get proper timing constraints. Without it, the Compiler will not properly optimize the design.
Info (332142): No user constrained base clocks found in the design. Calling "derive_clocks -period 1.0"
Info (332105): Deriving Clocks
    Info (332105): create_clock -period 1.000 -name original_clock original_clock
    Info (332105): create_clock -period 1.000 -name D_Flip_Flop:u3|Q D_Flip_Flop:u3|Q
Info: Found TIMEQUEST_REPORT_SCRIPT_INCLUDE_DEFAULT_ANALYSIS = ON
Critical Warning (332148): Timing requirements not met
Info (332146): Worst-case setup slack is -1.724
    Info (332119):     Slack End Point TNS Clock 
    Info (332119): ========= ============= =====================
    Info (332119):    -1.724        -4.688 D_Flip_Flop:u3|Q 
    Info (332119):    -1.719        -6.451 original_clock 
Info (332146): Worst-case hold slack is -1.512
    Info (332119):     Slack End Point TNS Clock 
    Info (332119): ========= ============= =====================
    Info (332119):    -1.512        -2.664 original_clock 
    Info (332119):     1.684         0.000 D_Flip_Flop:u3|Q 
Info (332140): No Recovery paths to report
Info (332140): No Removal paths to report
Info (332146): Worst-case minimum pulse width slack is -2.289
    Info (332119):     Slack End Point TNS Clock 
    Info (332119): ========= ============= =====================
    Info (332119):    -2.289        -2.289 original_clock 
    Info (332119):     0.234         0.000 D_Flip_Flop:u3|Q 
Info (332001): The selected device family is not supported by the report_metastability command.
Info (332102): Design is not fully constrained for setup requirements
Info (332102): Design is not fully constrained for hold requirements
Info: Quartus II 64-Bit TimeQuest Timing Analyzer was successful. 0 errors, 3 warnings
    Info: Peak virtual memory: 4526 megabytes
    Info: Processing ended: Tue Apr 28 19:14:47 2020
    Info: Elapsed time: 00:00:02
    Info: Total CPU time (on all processors): 00:00:01


