TimeQuest Timing Analyzer report for Light
Thu Jun 04 15:54:26 2020
Quartus II 64-Bit Version 13.0.1 Build 232 06/12/2013 Service Pack 1 SJ Web Edition


---------------------
; Table of Contents ;
---------------------
  1. Legal Notice
  2. TimeQuest Timing Analyzer Summary
  3. Parallel Compilation
  4. SDC File List
  5. Clocks
  6. Fmax Summary
  7. Setup Summary
  8. Hold Summary
  9. Recovery Summary
 10. Removal Summary
 11. Minimum Pulse Width Summary
 12. Setup: 'clk'
 13. Hold: 'clk'
 14. Minimum Pulse Width: 'clk'
 15. Clock to Output Times
 16. Minimum Clock to Output Times
 17. Setup Transfers
 18. Hold Transfers
 19. Report TCCS
 20. Report RSKM
 21. Unconstrained Paths
 22. TimeQuest Timing Analyzer Messages



----------------
; Legal Notice ;
----------------
Copyright (C) 1991-2013 Altera Corporation
Your use of Altera Corporation's design tools, logic functions 
and other software and tools, and its AMPP partner logic 
functions, and any output files from any of the foregoing 
(including device programming or simulation files), and any 
associated documentation or information are expressly subject 
to the terms and conditions of the Altera Program License 
Subscription Agreement, Altera MegaCore Function License 
Agreement, or other applicable license agreement, including, 
without limitation, that your use is for the sole purpose of 
programming logic devices manufactured by Altera and sold by 
Altera or its authorized distributors.  Please refer to the 
applicable agreement for further details.



+----------------------------------------------------------------------------------------+
; TimeQuest Timing Analyzer Summary                                                      ;
+--------------------+-------------------------------------------------------------------+
; Quartus II Version ; Version 13.0.1 Build 232 06/12/2013 Service Pack 1 SJ Web Edition ;
; Revision Name      ; Light                                                             ;
; Device Family      ; MAX II                                                            ;
; Device Name        ; EPM240T100C5                                                      ;
; Timing Models      ; Final                                                             ;
; Delay Model        ; Slow Model                                                        ;
; Rise/Fall Delays   ; Unavailable                                                       ;
+--------------------+-------------------------------------------------------------------+


+------------------------------------------+
; Parallel Compilation                     ;
+----------------------------+-------------+
; Processors                 ; Number      ;
+----------------------------+-------------+
; Number detected on machine ; 8           ;
; Maximum allowed            ; 4           ;
;                            ;             ;
; Average used               ; 1.00        ;
; Maximum used               ; 2           ;
;                            ;             ;
; Usage by Processor         ; % Time Used ;
;     Processor 1            ; 100.0%      ;
;     Processor 2            ; < 0.1%      ;
;     Processors 3-8         ;   0.0%      ;
+----------------------------+-------------+


+---------------------------------------------------+
; SDC File List                                     ;
+---------------+--------+--------------------------+
; SDC File Path ; Status ; Read at                  ;
+---------------+--------+--------------------------+
; SDC2.sdc      ; OK     ; Thu Jun 04 15:54:26 2020 ;
+---------------+--------+--------------------------+


+--------------------------------------------------------------------------------------------------------------------------------------------------------------------------------------+
; Clocks                                                                                                                                                                               ;
+------------+------+----------+-----------+-------+---------+------------+-----------+-------------+-------+--------+-----------+------------+----------+--------+--------+-----------+
; Clock Name ; Type ; Period   ; Frequency ; Rise  ; Fall    ; Duty Cycle ; Divide by ; Multiply by ; Phase ; Offset ; Edge List ; Edge Shift ; Inverted ; Master ; Source ; Targets   ;
+------------+------+----------+-----------+-------+---------+------------+-----------+-------------+-------+--------+-----------+------------+----------+--------+--------+-----------+
; clk        ; Base ; 1000.000 ; 1.0 MHz   ; 0.000 ; 500.000 ;            ;           ;             ;       ;        ;           ;            ;          ;        ;        ; { clock } ;
+------------+------+----------+-----------+-------+---------+------------+-----------+-------------+-------+--------+-----------+------------+----------+--------+--------+-----------+


+-------------------------------------------------+
; Fmax Summary                                    ;
+-----------+-----------------+------------+------+
; Fmax      ; Restricted Fmax ; Clock Name ; Note ;
+-----------+-----------------+------------+------+
; 58.07 MHz ; 58.07 MHz       ; clk        ;      ;
+-----------+-----------------+------------+------+
This panel reports FMAX for every clock in the design, regardless of the user-specified clock periods.  FMAX is only computed for paths where the source and destination registers or ports are driven by the same clock.  Paths of different clocks, including generated clocks, are ignored.  For paths between a clock and its inversion, FMAX is computed as if the rising and falling edges are scaled along with FMAX, such that the duty cycle (in terms of a percentage) is maintained. Altera recommends that you always use clock constraints and other slack reports for sign-off analysis.


+---------------------------------+
; Setup Summary                   ;
+-------+---------+---------------+
; Clock ; Slack   ; End Point TNS ;
+-------+---------+---------------+
; clk   ; 982.778 ; 0.000         ;
+-------+---------+---------------+


+-------------------------------+
; Hold Summary                  ;
+-------+-------+---------------+
; Clock ; Slack ; End Point TNS ;
+-------+-------+---------------+
; clk   ; 1.078 ; 0.000         ;
+-------+-------+---------------+


--------------------
; Recovery Summary ;
--------------------
No paths to report.


-------------------
; Removal Summary ;
-------------------
No paths to report.


+---------------------------------+
; Minimum Pulse Width Summary     ;
+-------+---------+---------------+
; Clock ; Slack   ; End Point TNS ;
+-------+---------+---------------+
; clk   ; 499.734 ; 0.000         ;
+-------+---------+---------------+


+----------------------------------------------------------------------------------------------------------------+
; Setup: 'clk'                                                                                                   ;
+---------+-----------+--------------------+--------------+-------------+--------------+------------+------------+
; Slack   ; From Node ; To Node            ; Launch Clock ; Latch Clock ; Relationship ; Clock Skew ; Data Delay ;
+---------+-----------+--------------------+--------------+-------------+--------------+------------+------------+
; 982.778 ; cnt[1]    ; north_state.yel    ; clk          ; clk         ; 1000.000     ; 0.000      ; 16.889     ;
; 982.778 ; cnt[1]    ; north_state.red    ; clk          ; clk         ; 1000.000     ; 0.000      ; 16.889     ;
; 982.778 ; cnt[1]    ; north_state.gre    ; clk          ; clk         ; 1000.000     ; 0.000      ; 16.889     ;
; 983.093 ; cnt[2]    ; north_state.yel    ; clk          ; clk         ; 1000.000     ; 0.000      ; 16.574     ;
; 983.093 ; cnt[2]    ; north_state.red    ; clk          ; clk         ; 1000.000     ; 0.000      ; 16.574     ;
; 983.093 ; cnt[2]    ; north_state.gre    ; clk          ; clk         ; 1000.000     ; 0.000      ; 16.574     ;
; 983.281 ; cnt[3]    ; north_state.yel    ; clk          ; clk         ; 1000.000     ; 0.000      ; 16.386     ;
; 983.281 ; cnt[3]    ; north_state.red    ; clk          ; clk         ; 1000.000     ; 0.000      ; 16.386     ;
; 983.281 ; cnt[3]    ; north_state.gre    ; clk          ; clk         ; 1000.000     ; 0.000      ; 16.386     ;
; 983.438 ; cnt[0]    ; north_state.yel    ; clk          ; clk         ; 1000.000     ; 0.000      ; 16.229     ;
; 983.438 ; cnt[0]    ; north_state.red    ; clk          ; clk         ; 1000.000     ; 0.000      ; 16.229     ;
; 983.438 ; cnt[0]    ; north_state.gre    ; clk          ; clk         ; 1000.000     ; 0.000      ; 16.229     ;
; 983.519 ; cnt[1]    ; west_state.yel     ; clk          ; clk         ; 1000.000     ; 0.000      ; 16.148     ;
; 983.519 ; cnt[1]    ; west_state.gre     ; clk          ; clk         ; 1000.000     ; 0.000      ; 16.148     ;
; 983.519 ; cnt[1]    ; west_state.red     ; clk          ; clk         ; 1000.000     ; 0.000      ; 16.148     ;
; 983.726 ; cnt[1]    ; north_cnt_local[0] ; clk          ; clk         ; 1000.000     ; 0.000      ; 15.941     ;
; 983.726 ; cnt[1]    ; north_cnt_local[1] ; clk          ; clk         ; 1000.000     ; 0.000      ; 15.941     ;
; 983.726 ; cnt[1]    ; north_cnt_local[3] ; clk          ; clk         ; 1000.000     ; 0.000      ; 15.941     ;
; 983.726 ; cnt[1]    ; north_cnt_local[2] ; clk          ; clk         ; 1000.000     ; 0.000      ; 15.941     ;
; 983.820 ; cnt[1]    ; west_yel~reg0      ; clk          ; clk         ; 1000.000     ; 0.000      ; 15.847     ;
; 983.834 ; cnt[2]    ; west_state.yel     ; clk          ; clk         ; 1000.000     ; 0.000      ; 15.833     ;
; 983.834 ; cnt[2]    ; west_state.gre     ; clk          ; clk         ; 1000.000     ; 0.000      ; 15.833     ;
; 983.834 ; cnt[2]    ; west_state.red     ; clk          ; clk         ; 1000.000     ; 0.000      ; 15.833     ;
; 984.022 ; cnt[3]    ; west_state.yel     ; clk          ; clk         ; 1000.000     ; 0.000      ; 15.645     ;
; 984.022 ; cnt[3]    ; west_state.gre     ; clk          ; clk         ; 1000.000     ; 0.000      ; 15.645     ;
; 984.022 ; cnt[3]    ; west_state.red     ; clk          ; clk         ; 1000.000     ; 0.000      ; 15.645     ;
; 984.041 ; cnt[2]    ; north_cnt_local[0] ; clk          ; clk         ; 1000.000     ; 0.000      ; 15.626     ;
; 984.041 ; cnt[2]    ; north_cnt_local[1] ; clk          ; clk         ; 1000.000     ; 0.000      ; 15.626     ;
; 984.041 ; cnt[2]    ; north_cnt_local[3] ; clk          ; clk         ; 1000.000     ; 0.000      ; 15.626     ;
; 984.041 ; cnt[2]    ; north_cnt_local[2] ; clk          ; clk         ; 1000.000     ; 0.000      ; 15.626     ;
; 984.135 ; cnt[2]    ; west_yel~reg0      ; clk          ; clk         ; 1000.000     ; 0.000      ; 15.532     ;
; 984.149 ; cnt[1]    ; cnt[4]             ; clk          ; clk         ; 1000.000     ; 0.000      ; 15.518     ;
; 984.149 ; cnt[1]    ; cnt[5]             ; clk          ; clk         ; 1000.000     ; 0.000      ; 15.518     ;
; 984.149 ; cnt[1]    ; cnt[0]             ; clk          ; clk         ; 1000.000     ; 0.000      ; 15.518     ;
; 984.149 ; cnt[1]    ; cnt[1]             ; clk          ; clk         ; 1000.000     ; 0.000      ; 15.518     ;
; 984.149 ; cnt[1]    ; cnt[2]             ; clk          ; clk         ; 1000.000     ; 0.000      ; 15.518     ;
; 984.149 ; cnt[1]    ; cnt[3]             ; clk          ; clk         ; 1000.000     ; 0.000      ; 15.518     ;
; 984.153 ; cnt[1]    ; cnt[14]            ; clk          ; clk         ; 1000.000     ; 0.000      ; 15.514     ;
; 984.153 ; cnt[1]    ; cnt[11]            ; clk          ; clk         ; 1000.000     ; 0.000      ; 15.514     ;
; 984.153 ; cnt[1]    ; cnt[12]            ; clk          ; clk         ; 1000.000     ; 0.000      ; 15.514     ;
; 984.153 ; cnt[1]    ; cnt[13]            ; clk          ; clk         ; 1000.000     ; 0.000      ; 15.514     ;
; 984.153 ; cnt[1]    ; cnt[10]            ; clk          ; clk         ; 1000.000     ; 0.000      ; 15.514     ;
; 984.153 ; cnt[1]    ; cnt[9]             ; clk          ; clk         ; 1000.000     ; 0.000      ; 15.514     ;
; 984.153 ; cnt[1]    ; cnt[7]             ; clk          ; clk         ; 1000.000     ; 0.000      ; 15.514     ;
; 984.153 ; cnt[1]    ; cnt[8]             ; clk          ; clk         ; 1000.000     ; 0.000      ; 15.514     ;
; 984.153 ; cnt[1]    ; cnt[6]             ; clk          ; clk         ; 1000.000     ; 0.000      ; 15.514     ;
; 984.153 ; cnt[1]    ; cnt[15]            ; clk          ; clk         ; 1000.000     ; 0.000      ; 15.514     ;
; 984.179 ; cnt[0]    ; west_state.yel     ; clk          ; clk         ; 1000.000     ; 0.000      ; 15.488     ;
; 984.179 ; cnt[0]    ; west_state.gre     ; clk          ; clk         ; 1000.000     ; 0.000      ; 15.488     ;
; 984.179 ; cnt[0]    ; west_state.red     ; clk          ; clk         ; 1000.000     ; 0.000      ; 15.488     ;
; 984.229 ; cnt[3]    ; north_cnt_local[0] ; clk          ; clk         ; 1000.000     ; 0.000      ; 15.438     ;
; 984.229 ; cnt[3]    ; north_cnt_local[1] ; clk          ; clk         ; 1000.000     ; 0.000      ; 15.438     ;
; 984.229 ; cnt[3]    ; north_cnt_local[3] ; clk          ; clk         ; 1000.000     ; 0.000      ; 15.438     ;
; 984.229 ; cnt[3]    ; north_cnt_local[2] ; clk          ; clk         ; 1000.000     ; 0.000      ; 15.438     ;
; 984.293 ; cnt[1]    ; north_yel~reg0     ; clk          ; clk         ; 1000.000     ; 0.000      ; 15.374     ;
; 984.302 ; cnt[1]    ; west_red~reg0      ; clk          ; clk         ; 1000.000     ; 0.000      ; 15.365     ;
; 984.308 ; cnt[1]    ; west_gre~reg0      ; clk          ; clk         ; 1000.000     ; 0.000      ; 15.359     ;
; 984.323 ; cnt[3]    ; west_yel~reg0      ; clk          ; clk         ; 1000.000     ; 0.000      ; 15.344     ;
; 984.340 ; cnt[1]    ; north_red~reg0     ; clk          ; clk         ; 1000.000     ; 0.000      ; 15.327     ;
; 984.342 ; cnt[1]    ; north_gre~reg0     ; clk          ; clk         ; 1000.000     ; 0.000      ; 15.325     ;
; 984.386 ; cnt[0]    ; north_cnt_local[0] ; clk          ; clk         ; 1000.000     ; 0.000      ; 15.281     ;
; 984.386 ; cnt[0]    ; north_cnt_local[1] ; clk          ; clk         ; 1000.000     ; 0.000      ; 15.281     ;
; 984.386 ; cnt[0]    ; north_cnt_local[3] ; clk          ; clk         ; 1000.000     ; 0.000      ; 15.281     ;
; 984.386 ; cnt[0]    ; north_cnt_local[2] ; clk          ; clk         ; 1000.000     ; 0.000      ; 15.281     ;
; 984.440 ; cnt[1]    ; west_cnt_local[0]  ; clk          ; clk         ; 1000.000     ; 0.000      ; 15.227     ;
; 984.440 ; cnt[1]    ; west_cnt_local[2]  ; clk          ; clk         ; 1000.000     ; 0.000      ; 15.227     ;
; 984.440 ; cnt[1]    ; west_cnt_local[1]  ; clk          ; clk         ; 1000.000     ; 0.000      ; 15.227     ;
; 984.464 ; cnt[2]    ; cnt[4]             ; clk          ; clk         ; 1000.000     ; 0.000      ; 15.203     ;
; 984.464 ; cnt[2]    ; cnt[5]             ; clk          ; clk         ; 1000.000     ; 0.000      ; 15.203     ;
; 984.464 ; cnt[2]    ; cnt[0]             ; clk          ; clk         ; 1000.000     ; 0.000      ; 15.203     ;
; 984.464 ; cnt[2]    ; cnt[1]             ; clk          ; clk         ; 1000.000     ; 0.000      ; 15.203     ;
; 984.464 ; cnt[2]    ; cnt[2]             ; clk          ; clk         ; 1000.000     ; 0.000      ; 15.203     ;
; 984.464 ; cnt[2]    ; cnt[3]             ; clk          ; clk         ; 1000.000     ; 0.000      ; 15.203     ;
; 984.468 ; cnt[2]    ; cnt[14]            ; clk          ; clk         ; 1000.000     ; 0.000      ; 15.199     ;
; 984.468 ; cnt[2]    ; cnt[11]            ; clk          ; clk         ; 1000.000     ; 0.000      ; 15.199     ;
; 984.468 ; cnt[2]    ; cnt[12]            ; clk          ; clk         ; 1000.000     ; 0.000      ; 15.199     ;
; 984.468 ; cnt[2]    ; cnt[13]            ; clk          ; clk         ; 1000.000     ; 0.000      ; 15.199     ;
; 984.468 ; cnt[2]    ; cnt[10]            ; clk          ; clk         ; 1000.000     ; 0.000      ; 15.199     ;
; 984.468 ; cnt[2]    ; cnt[9]             ; clk          ; clk         ; 1000.000     ; 0.000      ; 15.199     ;
; 984.468 ; cnt[2]    ; cnt[7]             ; clk          ; clk         ; 1000.000     ; 0.000      ; 15.199     ;
; 984.468 ; cnt[2]    ; cnt[8]             ; clk          ; clk         ; 1000.000     ; 0.000      ; 15.199     ;
; 984.468 ; cnt[2]    ; cnt[6]             ; clk          ; clk         ; 1000.000     ; 0.000      ; 15.199     ;
; 984.468 ; cnt[2]    ; cnt[15]            ; clk          ; clk         ; 1000.000     ; 0.000      ; 15.199     ;
; 984.480 ; cnt[0]    ; west_yel~reg0      ; clk          ; clk         ; 1000.000     ; 0.000      ; 15.187     ;
; 984.608 ; cnt[2]    ; north_yel~reg0     ; clk          ; clk         ; 1000.000     ; 0.000      ; 15.059     ;
; 984.617 ; cnt[2]    ; west_red~reg0      ; clk          ; clk         ; 1000.000     ; 0.000      ; 15.050     ;
; 984.623 ; cnt[2]    ; west_gre~reg0      ; clk          ; clk         ; 1000.000     ; 0.000      ; 15.044     ;
; 984.652 ; cnt[3]    ; cnt[4]             ; clk          ; clk         ; 1000.000     ; 0.000      ; 15.015     ;
; 984.652 ; cnt[3]    ; cnt[5]             ; clk          ; clk         ; 1000.000     ; 0.000      ; 15.015     ;
; 984.652 ; cnt[3]    ; cnt[0]             ; clk          ; clk         ; 1000.000     ; 0.000      ; 15.015     ;
; 984.652 ; cnt[3]    ; cnt[1]             ; clk          ; clk         ; 1000.000     ; 0.000      ; 15.015     ;
; 984.652 ; cnt[3]    ; cnt[2]             ; clk          ; clk         ; 1000.000     ; 0.000      ; 15.015     ;
; 984.652 ; cnt[3]    ; cnt[3]             ; clk          ; clk         ; 1000.000     ; 0.000      ; 15.015     ;
; 984.655 ; cnt[2]    ; north_red~reg0     ; clk          ; clk         ; 1000.000     ; 0.000      ; 15.012     ;
; 984.656 ; cnt[3]    ; cnt[14]            ; clk          ; clk         ; 1000.000     ; 0.000      ; 15.011     ;
; 984.656 ; cnt[3]    ; cnt[11]            ; clk          ; clk         ; 1000.000     ; 0.000      ; 15.011     ;
; 984.656 ; cnt[3]    ; cnt[12]            ; clk          ; clk         ; 1000.000     ; 0.000      ; 15.011     ;
; 984.656 ; cnt[3]    ; cnt[13]            ; clk          ; clk         ; 1000.000     ; 0.000      ; 15.011     ;
; 984.656 ; cnt[3]    ; cnt[10]            ; clk          ; clk         ; 1000.000     ; 0.000      ; 15.011     ;
; 984.656 ; cnt[3]    ; cnt[9]             ; clk          ; clk         ; 1000.000     ; 0.000      ; 15.011     ;
+---------+-----------+--------------------+--------------+-------------+--------------+------------+------------+


+-----------------------------------------------------------------------------------------------------------------------+
; Hold: 'clk'                                                                                                           ;
+-------+--------------------+--------------------+--------------+-------------+--------------+------------+------------+
; Slack ; From Node          ; To Node            ; Launch Clock ; Latch Clock ; Relationship ; Clock Skew ; Data Delay ;
+-------+--------------------+--------------------+--------------+-------------+--------------+------------+------------+
; 1.078 ; west_cnt_local[1]  ; west_cnt_local[1]  ; clk          ; clk         ; 0.000        ; 0.000      ; 1.299      ;
; 1.402 ; north_state.gre    ; north_state.yel    ; clk          ; clk         ; 0.000        ; 0.000      ; 1.623      ;
; 1.646 ; west_state.red     ; west_cnt_local[2]  ; clk          ; clk         ; 0.000        ; 0.000      ; 1.867      ;
; 1.649 ; west_yel~reg0      ; west_yel~reg0      ; clk          ; clk         ; 0.000        ; 0.000      ; 1.870      ;
; 1.656 ; north_state.yel    ; north_state.red    ; clk          ; clk         ; 0.000        ; 0.000      ; 1.877      ;
; 1.674 ; west_state.red     ; west_state.gre     ; clk          ; clk         ; 0.000        ; 0.000      ; 1.895      ;
; 1.688 ; north_cnt_local[2] ; north_cnt_local[2] ; clk          ; clk         ; 0.000        ; 0.000      ; 1.909      ;
; 1.690 ; north_cnt_local[2] ; north_cnt_local[3] ; clk          ; clk         ; 0.000        ; 0.000      ; 1.911      ;
; 1.701 ; west_state.gre     ; west_state.yel     ; clk          ; clk         ; 0.000        ; 0.000      ; 1.922      ;
; 1.735 ; west_cnt_local[0]  ; west_cnt_local[0]  ; clk          ; clk         ; 0.000        ; 0.000      ; 1.956      ;
; 1.742 ; west_cnt_local[0]  ; west_cnt_local[1]  ; clk          ; clk         ; 0.000        ; 0.000      ; 1.963      ;
; 1.750 ; west_state.yel     ; west_state.red     ; clk          ; clk         ; 0.000        ; 0.000      ; 1.971      ;
; 1.917 ; west_gre~reg0      ; west_gre~reg0      ; clk          ; clk         ; 0.000        ; 0.000      ; 2.138      ;
; 1.919 ; north_state.red    ; north_state.gre    ; clk          ; clk         ; 0.000        ; 0.000      ; 2.140      ;
; 1.925 ; north_state.gre    ; north_yel~reg0     ; clk          ; clk         ; 0.000        ; 0.000      ; 2.146      ;
; 1.935 ; north_gre~reg0     ; north_gre~reg0     ; clk          ; clk         ; 0.000        ; 0.000      ; 2.156      ;
; 1.960 ; north_cnt_local[0] ; north_cnt_local[0] ; clk          ; clk         ; 0.000        ; 0.000      ; 2.181      ;
; 1.968 ; north_cnt_local[0] ; north_cnt_local[1] ; clk          ; clk         ; 0.000        ; 0.000      ; 2.189      ;
; 2.116 ; cnt[16]            ; cnt[16]            ; clk          ; clk         ; 0.000        ; 0.000      ; 2.337      ;
; 2.116 ; cnt[6]             ; cnt[6]             ; clk          ; clk         ; 0.000        ; 0.000      ; 2.337      ;
; 2.117 ; cnt[13]            ; cnt[13]            ; clk          ; clk         ; 0.000        ; 0.000      ; 2.338      ;
; 2.117 ; cnt[23]            ; cnt[23]            ; clk          ; clk         ; 0.000        ; 0.000      ; 2.338      ;
; 2.126 ; cnt[17]            ; cnt[17]            ; clk          ; clk         ; 0.000        ; 0.000      ; 2.347      ;
; 2.126 ; cnt[18]            ; cnt[18]            ; clk          ; clk         ; 0.000        ; 0.000      ; 2.347      ;
; 2.126 ; cnt[7]             ; cnt[7]             ; clk          ; clk         ; 0.000        ; 0.000      ; 2.347      ;
; 2.126 ; cnt[8]             ; cnt[8]             ; clk          ; clk         ; 0.000        ; 0.000      ; 2.347      ;
; 2.126 ; cnt[3]             ; cnt[3]             ; clk          ; clk         ; 0.000        ; 0.000      ; 2.347      ;
; 2.126 ; cnt[25]            ; cnt[25]            ; clk          ; clk         ; 0.000        ; 0.000      ; 2.347      ;
; 2.126 ; cnt[26]            ; cnt[26]            ; clk          ; clk         ; 0.000        ; 0.000      ; 2.347      ;
; 2.126 ; cnt[15]            ; cnt[15]            ; clk          ; clk         ; 0.000        ; 0.000      ; 2.347      ;
; 2.134 ; north_red~reg0     ; north_red~reg0     ; clk          ; clk         ; 0.000        ; 0.000      ; 2.355      ;
; 2.135 ; cnt[5]             ; cnt[5]             ; clk          ; clk         ; 0.000        ; 0.000      ; 2.356      ;
; 2.144 ; cnt[27]            ; cnt[27]            ; clk          ; clk         ; 0.000        ; 0.000      ; 2.365      ;
; 2.145 ; cnt[28]            ; cnt[28]            ; clk          ; clk         ; 0.000        ; 0.000      ; 2.366      ;
; 2.156 ; west_state.yel     ; west_cnt_local[0]  ; clk          ; clk         ; 0.000        ; 0.000      ; 2.377      ;
; 2.157 ; west_state.yel     ; west_cnt_local[1]  ; clk          ; clk         ; 0.000        ; 0.000      ; 2.378      ;
; 2.221 ; west_red~reg0      ; west_red~reg0      ; clk          ; clk         ; 0.000        ; 0.000      ; 2.442      ;
; 2.221 ; cnt[14]            ; cnt[14]            ; clk          ; clk         ; 0.000        ; 0.000      ; 2.442      ;
; 2.221 ; cnt[19]            ; cnt[19]            ; clk          ; clk         ; 0.000        ; 0.000      ; 2.442      ;
; 2.221 ; cnt[9]             ; cnt[9]             ; clk          ; clk         ; 0.000        ; 0.000      ; 2.442      ;
; 2.221 ; cnt[24]            ; cnt[24]            ; clk          ; clk         ; 0.000        ; 0.000      ; 2.442      ;
; 2.230 ; cnt[11]            ; cnt[11]            ; clk          ; clk         ; 0.000        ; 0.000      ; 2.451      ;
; 2.230 ; cnt[21]            ; cnt[21]            ; clk          ; clk         ; 0.000        ; 0.000      ; 2.451      ;
; 2.231 ; north_yel~reg0     ; north_yel~reg0     ; clk          ; clk         ; 0.000        ; 0.000      ; 2.452      ;
; 2.231 ; cnt[12]            ; cnt[12]            ; clk          ; clk         ; 0.000        ; 0.000      ; 2.452      ;
; 2.231 ; cnt[10]            ; cnt[10]            ; clk          ; clk         ; 0.000        ; 0.000      ; 2.452      ;
; 2.231 ; cnt[20]            ; cnt[20]            ; clk          ; clk         ; 0.000        ; 0.000      ; 2.452      ;
; 2.231 ; cnt[22]            ; cnt[22]            ; clk          ; clk         ; 0.000        ; 0.000      ; 2.452      ;
; 2.240 ; cnt[4]             ; cnt[4]             ; clk          ; clk         ; 0.000        ; 0.000      ; 2.461      ;
; 2.248 ; cnt[31]            ; cnt[31]            ; clk          ; clk         ; 0.000        ; 0.000      ; 2.469      ;
; 2.249 ; cnt[30]            ; cnt[30]            ; clk          ; clk         ; 0.000        ; 0.000      ; 2.470      ;
; 2.249 ; cnt[1]             ; cnt[1]             ; clk          ; clk         ; 0.000        ; 0.000      ; 2.470      ;
; 2.258 ; cnt[29]            ; cnt[29]            ; clk          ; clk         ; 0.000        ; 0.000      ; 2.479      ;
; 2.261 ; cnt[0]             ; cnt[0]             ; clk          ; clk         ; 0.000        ; 0.000      ; 2.482      ;
; 2.261 ; cnt[2]             ; cnt[2]             ; clk          ; clk         ; 0.000        ; 0.000      ; 2.482      ;
; 2.276 ; north_cnt_local[1] ; north_cnt_local[1] ; clk          ; clk         ; 0.000        ; 0.000      ; 2.497      ;
; 2.610 ; north_cnt_local[3] ; north_cnt_local[3] ; clk          ; clk         ; 0.000        ; 0.000      ; 2.831      ;
; 2.614 ; north_cnt_local[3] ; north_cnt_local[2] ; clk          ; clk         ; 0.000        ; 0.000      ; 2.835      ;
; 2.653 ; north_cnt_local[2] ; north_cnt_local[1] ; clk          ; clk         ; 0.000        ; 0.000      ; 2.874      ;
; 2.655 ; north_cnt_local[2] ; north_cnt_local[0] ; clk          ; clk         ; 0.000        ; 0.000      ; 2.876      ;
; 2.948 ; cnt[16]            ; cnt[17]            ; clk          ; clk         ; 0.000        ; 0.000      ; 3.169      ;
; 2.948 ; cnt[6]             ; cnt[7]             ; clk          ; clk         ; 0.000        ; 0.000      ; 3.169      ;
; 2.949 ; cnt[13]            ; cnt[14]            ; clk          ; clk         ; 0.000        ; 0.000      ; 3.170      ;
; 2.949 ; cnt[23]            ; cnt[24]            ; clk          ; clk         ; 0.000        ; 0.000      ; 3.170      ;
; 2.958 ; cnt[17]            ; cnt[18]            ; clk          ; clk         ; 0.000        ; 0.000      ; 3.179      ;
; 2.958 ; cnt[18]            ; cnt[19]            ; clk          ; clk         ; 0.000        ; 0.000      ; 3.179      ;
; 2.958 ; cnt[8]             ; cnt[9]             ; clk          ; clk         ; 0.000        ; 0.000      ; 3.179      ;
; 2.958 ; cnt[7]             ; cnt[8]             ; clk          ; clk         ; 0.000        ; 0.000      ; 3.179      ;
; 2.958 ; cnt[3]             ; cnt[4]             ; clk          ; clk         ; 0.000        ; 0.000      ; 3.179      ;
; 2.958 ; cnt[26]            ; cnt[27]            ; clk          ; clk         ; 0.000        ; 0.000      ; 3.179      ;
; 2.976 ; cnt[27]            ; cnt[28]            ; clk          ; clk         ; 0.000        ; 0.000      ; 3.197      ;
; 2.977 ; cnt[28]            ; cnt[29]            ; clk          ; clk         ; 0.000        ; 0.000      ; 3.198      ;
; 3.059 ; cnt[16]            ; cnt[18]            ; clk          ; clk         ; 0.000        ; 0.000      ; 3.280      ;
; 3.059 ; cnt[6]             ; cnt[8]             ; clk          ; clk         ; 0.000        ; 0.000      ; 3.280      ;
; 3.060 ; cnt[23]            ; cnt[25]            ; clk          ; clk         ; 0.000        ; 0.000      ; 3.281      ;
; 3.060 ; cnt[13]            ; cnt[15]            ; clk          ; clk         ; 0.000        ; 0.000      ; 3.281      ;
; 3.069 ; cnt[8]             ; cnt[10]            ; clk          ; clk         ; 0.000        ; 0.000      ; 3.290      ;
; 3.069 ; cnt[3]             ; cnt[5]             ; clk          ; clk         ; 0.000        ; 0.000      ; 3.290      ;
; 3.069 ; cnt[18]            ; cnt[20]            ; clk          ; clk         ; 0.000        ; 0.000      ; 3.290      ;
; 3.069 ; cnt[17]            ; cnt[19]            ; clk          ; clk         ; 0.000        ; 0.000      ; 3.290      ;
; 3.069 ; cnt[7]             ; cnt[9]             ; clk          ; clk         ; 0.000        ; 0.000      ; 3.290      ;
; 3.069 ; cnt[26]            ; cnt[28]            ; clk          ; clk         ; 0.000        ; 0.000      ; 3.290      ;
; 3.087 ; cnt[27]            ; cnt[29]            ; clk          ; clk         ; 0.000        ; 0.000      ; 3.308      ;
; 3.088 ; cnt[28]            ; cnt[30]            ; clk          ; clk         ; 0.000        ; 0.000      ; 3.309      ;
; 3.161 ; cnt[24]            ; cnt[25]            ; clk          ; clk         ; 0.000        ; 0.000      ; 3.382      ;
; 3.161 ; cnt[14]            ; cnt[15]            ; clk          ; clk         ; 0.000        ; 0.000      ; 3.382      ;
; 3.161 ; cnt[9]             ; cnt[10]            ; clk          ; clk         ; 0.000        ; 0.000      ; 3.382      ;
; 3.161 ; cnt[19]            ; cnt[20]            ; clk          ; clk         ; 0.000        ; 0.000      ; 3.382      ;
; 3.170 ; cnt[11]            ; cnt[12]            ; clk          ; clk         ; 0.000        ; 0.000      ; 3.391      ;
; 3.170 ; cnt[21]            ; cnt[22]            ; clk          ; clk         ; 0.000        ; 0.000      ; 3.391      ;
; 3.170 ; cnt[16]            ; cnt[19]            ; clk          ; clk         ; 0.000        ; 0.000      ; 3.391      ;
; 3.170 ; cnt[6]             ; cnt[9]             ; clk          ; clk         ; 0.000        ; 0.000      ; 3.391      ;
; 3.171 ; cnt[12]            ; cnt[13]            ; clk          ; clk         ; 0.000        ; 0.000      ; 3.392      ;
; 3.171 ; cnt[22]            ; cnt[23]            ; clk          ; clk         ; 0.000        ; 0.000      ; 3.392      ;
; 3.180 ; cnt[7]             ; cnt[10]            ; clk          ; clk         ; 0.000        ; 0.000      ; 3.401      ;
; 3.180 ; cnt[4]             ; cnt[5]             ; clk          ; clk         ; 0.000        ; 0.000      ; 3.401      ;
; 3.180 ; cnt[17]            ; cnt[20]            ; clk          ; clk         ; 0.000        ; 0.000      ; 3.401      ;
; 3.180 ; cnt[26]            ; cnt[29]            ; clk          ; clk         ; 0.000        ; 0.000      ; 3.401      ;
; 3.189 ; cnt[1]             ; cnt[2]             ; clk          ; clk         ; 0.000        ; 0.000      ; 3.410      ;
; 3.198 ; cnt[29]            ; cnt[30]            ; clk          ; clk         ; 0.000        ; 0.000      ; 3.419      ;
+-------+--------------------+--------------------+--------------+-------------+--------------+------------+------------+


+------------------------------------------------------------------------------------------------------+
; Minimum Pulse Width: 'clk'                                                                           ;
+---------+--------------+----------------+------------------+-------+------------+--------------------+
; Slack   ; Actual Width ; Required Width ; Type             ; Clock ; Clock Edge ; Target             ;
+---------+--------------+----------------+------------------+-------+------------+--------------------+
; 499.734 ; 500.000      ; 0.266          ; High Pulse Width ; clk   ; Rise       ; cnt[0]             ;
; 499.734 ; 500.000      ; 0.266          ; Low Pulse Width  ; clk   ; Rise       ; cnt[0]             ;
; 499.734 ; 500.000      ; 0.266          ; High Pulse Width ; clk   ; Rise       ; cnt[10]            ;
; 499.734 ; 500.000      ; 0.266          ; Low Pulse Width  ; clk   ; Rise       ; cnt[10]            ;
; 499.734 ; 500.000      ; 0.266          ; High Pulse Width ; clk   ; Rise       ; cnt[11]            ;
; 499.734 ; 500.000      ; 0.266          ; Low Pulse Width  ; clk   ; Rise       ; cnt[11]            ;
; 499.734 ; 500.000      ; 0.266          ; High Pulse Width ; clk   ; Rise       ; cnt[12]            ;
; 499.734 ; 500.000      ; 0.266          ; Low Pulse Width  ; clk   ; Rise       ; cnt[12]            ;
; 499.734 ; 500.000      ; 0.266          ; High Pulse Width ; clk   ; Rise       ; cnt[13]            ;
; 499.734 ; 500.000      ; 0.266          ; Low Pulse Width  ; clk   ; Rise       ; cnt[13]            ;
; 499.734 ; 500.000      ; 0.266          ; High Pulse Width ; clk   ; Rise       ; cnt[14]            ;
; 499.734 ; 500.000      ; 0.266          ; Low Pulse Width  ; clk   ; Rise       ; cnt[14]            ;
; 499.734 ; 500.000      ; 0.266          ; High Pulse Width ; clk   ; Rise       ; cnt[15]            ;
; 499.734 ; 500.000      ; 0.266          ; Low Pulse Width  ; clk   ; Rise       ; cnt[15]            ;
; 499.734 ; 500.000      ; 0.266          ; High Pulse Width ; clk   ; Rise       ; cnt[16]            ;
; 499.734 ; 500.000      ; 0.266          ; Low Pulse Width  ; clk   ; Rise       ; cnt[16]            ;
; 499.734 ; 500.000      ; 0.266          ; High Pulse Width ; clk   ; Rise       ; cnt[17]            ;
; 499.734 ; 500.000      ; 0.266          ; Low Pulse Width  ; clk   ; Rise       ; cnt[17]            ;
; 499.734 ; 500.000      ; 0.266          ; High Pulse Width ; clk   ; Rise       ; cnt[18]            ;
; 499.734 ; 500.000      ; 0.266          ; Low Pulse Width  ; clk   ; Rise       ; cnt[18]            ;
; 499.734 ; 500.000      ; 0.266          ; High Pulse Width ; clk   ; Rise       ; cnt[19]            ;
; 499.734 ; 500.000      ; 0.266          ; Low Pulse Width  ; clk   ; Rise       ; cnt[19]            ;
; 499.734 ; 500.000      ; 0.266          ; High Pulse Width ; clk   ; Rise       ; cnt[1]             ;
; 499.734 ; 500.000      ; 0.266          ; Low Pulse Width  ; clk   ; Rise       ; cnt[1]             ;
; 499.734 ; 500.000      ; 0.266          ; High Pulse Width ; clk   ; Rise       ; cnt[20]            ;
; 499.734 ; 500.000      ; 0.266          ; Low Pulse Width  ; clk   ; Rise       ; cnt[20]            ;
; 499.734 ; 500.000      ; 0.266          ; High Pulse Width ; clk   ; Rise       ; cnt[21]            ;
; 499.734 ; 500.000      ; 0.266          ; Low Pulse Width  ; clk   ; Rise       ; cnt[21]            ;
; 499.734 ; 500.000      ; 0.266          ; High Pulse Width ; clk   ; Rise       ; cnt[22]            ;
; 499.734 ; 500.000      ; 0.266          ; Low Pulse Width  ; clk   ; Rise       ; cnt[22]            ;
; 499.734 ; 500.000      ; 0.266          ; High Pulse Width ; clk   ; Rise       ; cnt[23]            ;
; 499.734 ; 500.000      ; 0.266          ; Low Pulse Width  ; clk   ; Rise       ; cnt[23]            ;
; 499.734 ; 500.000      ; 0.266          ; High Pulse Width ; clk   ; Rise       ; cnt[24]            ;
; 499.734 ; 500.000      ; 0.266          ; Low Pulse Width  ; clk   ; Rise       ; cnt[24]            ;
; 499.734 ; 500.000      ; 0.266          ; High Pulse Width ; clk   ; Rise       ; cnt[25]            ;
; 499.734 ; 500.000      ; 0.266          ; Low Pulse Width  ; clk   ; Rise       ; cnt[25]            ;
; 499.734 ; 500.000      ; 0.266          ; High Pulse Width ; clk   ; Rise       ; cnt[26]            ;
; 499.734 ; 500.000      ; 0.266          ; Low Pulse Width  ; clk   ; Rise       ; cnt[26]            ;
; 499.734 ; 500.000      ; 0.266          ; High Pulse Width ; clk   ; Rise       ; cnt[27]            ;
; 499.734 ; 500.000      ; 0.266          ; Low Pulse Width  ; clk   ; Rise       ; cnt[27]            ;
; 499.734 ; 500.000      ; 0.266          ; High Pulse Width ; clk   ; Rise       ; cnt[28]            ;
; 499.734 ; 500.000      ; 0.266          ; Low Pulse Width  ; clk   ; Rise       ; cnt[28]            ;
; 499.734 ; 500.000      ; 0.266          ; High Pulse Width ; clk   ; Rise       ; cnt[29]            ;
; 499.734 ; 500.000      ; 0.266          ; Low Pulse Width  ; clk   ; Rise       ; cnt[29]            ;
; 499.734 ; 500.000      ; 0.266          ; High Pulse Width ; clk   ; Rise       ; cnt[2]             ;
; 499.734 ; 500.000      ; 0.266          ; Low Pulse Width  ; clk   ; Rise       ; cnt[2]             ;
; 499.734 ; 500.000      ; 0.266          ; High Pulse Width ; clk   ; Rise       ; cnt[30]            ;
; 499.734 ; 500.000      ; 0.266          ; Low Pulse Width  ; clk   ; Rise       ; cnt[30]            ;
; 499.734 ; 500.000      ; 0.266          ; High Pulse Width ; clk   ; Rise       ; cnt[31]            ;
; 499.734 ; 500.000      ; 0.266          ; Low Pulse Width  ; clk   ; Rise       ; cnt[31]            ;
; 499.734 ; 500.000      ; 0.266          ; High Pulse Width ; clk   ; Rise       ; cnt[3]             ;
; 499.734 ; 500.000      ; 0.266          ; Low Pulse Width  ; clk   ; Rise       ; cnt[3]             ;
; 499.734 ; 500.000      ; 0.266          ; High Pulse Width ; clk   ; Rise       ; cnt[4]             ;
; 499.734 ; 500.000      ; 0.266          ; Low Pulse Width  ; clk   ; Rise       ; cnt[4]             ;
; 499.734 ; 500.000      ; 0.266          ; High Pulse Width ; clk   ; Rise       ; cnt[5]             ;
; 499.734 ; 500.000      ; 0.266          ; Low Pulse Width  ; clk   ; Rise       ; cnt[5]             ;
; 499.734 ; 500.000      ; 0.266          ; High Pulse Width ; clk   ; Rise       ; cnt[6]             ;
; 499.734 ; 500.000      ; 0.266          ; Low Pulse Width  ; clk   ; Rise       ; cnt[6]             ;
; 499.734 ; 500.000      ; 0.266          ; High Pulse Width ; clk   ; Rise       ; cnt[7]             ;
; 499.734 ; 500.000      ; 0.266          ; Low Pulse Width  ; clk   ; Rise       ; cnt[7]             ;
; 499.734 ; 500.000      ; 0.266          ; High Pulse Width ; clk   ; Rise       ; cnt[8]             ;
; 499.734 ; 500.000      ; 0.266          ; Low Pulse Width  ; clk   ; Rise       ; cnt[8]             ;
; 499.734 ; 500.000      ; 0.266          ; High Pulse Width ; clk   ; Rise       ; cnt[9]             ;
; 499.734 ; 500.000      ; 0.266          ; Low Pulse Width  ; clk   ; Rise       ; cnt[9]             ;
; 499.734 ; 500.000      ; 0.266          ; High Pulse Width ; clk   ; Rise       ; north_cnt_local[0] ;
; 499.734 ; 500.000      ; 0.266          ; Low Pulse Width  ; clk   ; Rise       ; north_cnt_local[0] ;
; 499.734 ; 500.000      ; 0.266          ; High Pulse Width ; clk   ; Rise       ; north_cnt_local[1] ;
; 499.734 ; 500.000      ; 0.266          ; Low Pulse Width  ; clk   ; Rise       ; north_cnt_local[1] ;
; 499.734 ; 500.000      ; 0.266          ; High Pulse Width ; clk   ; Rise       ; north_cnt_local[2] ;
; 499.734 ; 500.000      ; 0.266          ; Low Pulse Width  ; clk   ; Rise       ; north_cnt_local[2] ;
; 499.734 ; 500.000      ; 0.266          ; High Pulse Width ; clk   ; Rise       ; north_cnt_local[3] ;
; 499.734 ; 500.000      ; 0.266          ; Low Pulse Width  ; clk   ; Rise       ; north_cnt_local[3] ;
; 499.734 ; 500.000      ; 0.266          ; High Pulse Width ; clk   ; Rise       ; north_gre~reg0     ;
; 499.734 ; 500.000      ; 0.266          ; Low Pulse Width  ; clk   ; Rise       ; north_gre~reg0     ;
; 499.734 ; 500.000      ; 0.266          ; High Pulse Width ; clk   ; Rise       ; north_red~reg0     ;
; 499.734 ; 500.000      ; 0.266          ; Low Pulse Width  ; clk   ; Rise       ; north_red~reg0     ;
; 499.734 ; 500.000      ; 0.266          ; High Pulse Width ; clk   ; Rise       ; north_state.gre    ;
; 499.734 ; 500.000      ; 0.266          ; Low Pulse Width  ; clk   ; Rise       ; north_state.gre    ;
; 499.734 ; 500.000      ; 0.266          ; High Pulse Width ; clk   ; Rise       ; north_state.red    ;
; 499.734 ; 500.000      ; 0.266          ; Low Pulse Width  ; clk   ; Rise       ; north_state.red    ;
; 499.734 ; 500.000      ; 0.266          ; High Pulse Width ; clk   ; Rise       ; north_state.yel    ;
; 499.734 ; 500.000      ; 0.266          ; Low Pulse Width  ; clk   ; Rise       ; north_state.yel    ;
; 499.734 ; 500.000      ; 0.266          ; High Pulse Width ; clk   ; Rise       ; north_yel~reg0     ;
; 499.734 ; 500.000      ; 0.266          ; Low Pulse Width  ; clk   ; Rise       ; north_yel~reg0     ;
; 499.734 ; 500.000      ; 0.266          ; High Pulse Width ; clk   ; Rise       ; west_cnt_local[0]  ;
; 499.734 ; 500.000      ; 0.266          ; Low Pulse Width  ; clk   ; Rise       ; west_cnt_local[0]  ;
; 499.734 ; 500.000      ; 0.266          ; High Pulse Width ; clk   ; Rise       ; west_cnt_local[1]  ;
; 499.734 ; 500.000      ; 0.266          ; Low Pulse Width  ; clk   ; Rise       ; west_cnt_local[1]  ;
; 499.734 ; 500.000      ; 0.266          ; High Pulse Width ; clk   ; Rise       ; west_cnt_local[2]  ;
; 499.734 ; 500.000      ; 0.266          ; Low Pulse Width  ; clk   ; Rise       ; west_cnt_local[2]  ;
; 499.734 ; 500.000      ; 0.266          ; High Pulse Width ; clk   ; Rise       ; west_cnt_local[3]  ;
; 499.734 ; 500.000      ; 0.266          ; Low Pulse Width  ; clk   ; Rise       ; west_cnt_local[3]  ;
; 499.734 ; 500.000      ; 0.266          ; High Pulse Width ; clk   ; Rise       ; west_gre~reg0      ;
; 499.734 ; 500.000      ; 0.266          ; Low Pulse Width  ; clk   ; Rise       ; west_gre~reg0      ;
; 499.734 ; 500.000      ; 0.266          ; High Pulse Width ; clk   ; Rise       ; west_red~reg0      ;
; 499.734 ; 500.000      ; 0.266          ; Low Pulse Width  ; clk   ; Rise       ; west_red~reg0      ;
; 499.734 ; 500.000      ; 0.266          ; High Pulse Width ; clk   ; Rise       ; west_state.gre     ;
; 499.734 ; 500.000      ; 0.266          ; Low Pulse Width  ; clk   ; Rise       ; west_state.gre     ;
; 499.734 ; 500.000      ; 0.266          ; High Pulse Width ; clk   ; Rise       ; west_state.red     ;
; 499.734 ; 500.000      ; 0.266          ; Low Pulse Width  ; clk   ; Rise       ; west_state.red     ;
+---------+--------------+----------------+------------------+-------+------------+--------------------+


+---------------------------------------------------------------------------+
; Clock to Output Times                                                     ;
+---------------+------------+-------+-------+------------+-----------------+
; Data Port     ; Clock Port ; Rise  ; Fall  ; Clock Edge ; Clock Reference ;
+---------------+------------+-------+-------+------------+-----------------+
; north_cnt[*]  ; clk        ; 9.334 ; 9.334 ; Rise       ; clk             ;
;  north_cnt[0] ; clk        ; 8.094 ; 8.094 ; Rise       ; clk             ;
;  north_cnt[1] ; clk        ; 8.195 ; 8.195 ; Rise       ; clk             ;
;  north_cnt[2] ; clk        ; 9.334 ; 9.334 ; Rise       ; clk             ;
;  north_cnt[3] ; clk        ; 8.357 ; 8.357 ; Rise       ; clk             ;
; north_gre     ; clk        ; 6.854 ; 6.854 ; Rise       ; clk             ;
; north_red     ; clk        ; 6.858 ; 6.858 ; Rise       ; clk             ;
; north_yel     ; clk        ; 8.273 ; 8.273 ; Rise       ; clk             ;
; west_cnt[*]   ; clk        ; 8.888 ; 8.888 ; Rise       ; clk             ;
;  west_cnt[0]  ; clk        ; 8.639 ; 8.639 ; Rise       ; clk             ;
;  west_cnt[1]  ; clk        ; 8.674 ; 8.674 ; Rise       ; clk             ;
;  west_cnt[2]  ; clk        ; 8.085 ; 8.085 ; Rise       ; clk             ;
;  west_cnt[3]  ; clk        ; 8.888 ; 8.888 ; Rise       ; clk             ;
; west_gre      ; clk        ; 7.478 ; 7.478 ; Rise       ; clk             ;
; west_red      ; clk        ; 8.251 ; 8.251 ; Rise       ; clk             ;
; west_yel      ; clk        ; 7.496 ; 7.496 ; Rise       ; clk             ;
+---------------+------------+-------+-------+------------+-----------------+


+---------------------------------------------------------------------------+
; Minimum Clock to Output Times                                             ;
+---------------+------------+-------+-------+------------+-----------------+
; Data Port     ; Clock Port ; Rise  ; Fall  ; Clock Edge ; Clock Reference ;
+---------------+------------+-------+-------+------------+-----------------+
; north_cnt[*]  ; clk        ; 8.094 ; 8.094 ; Rise       ; clk             ;
;  north_cnt[0] ; clk        ; 8.094 ; 8.094 ; Rise       ; clk             ;
;  north_cnt[1] ; clk        ; 8.195 ; 8.195 ; Rise       ; clk             ;
;  north_cnt[2] ; clk        ; 9.334 ; 9.334 ; Rise       ; clk             ;
;  north_cnt[3] ; clk        ; 8.357 ; 8.357 ; Rise       ; clk             ;
; north_gre     ; clk        ; 6.854 ; 6.854 ; Rise       ; clk             ;
; north_red     ; clk        ; 6.858 ; 6.858 ; Rise       ; clk             ;
; north_yel     ; clk        ; 8.273 ; 8.273 ; Rise       ; clk             ;
; west_cnt[*]   ; clk        ; 8.085 ; 8.085 ; Rise       ; clk             ;
;  west_cnt[0]  ; clk        ; 8.639 ; 8.639 ; Rise       ; clk             ;
;  west_cnt[1]  ; clk        ; 8.674 ; 8.674 ; Rise       ; clk             ;
;  west_cnt[2]  ; clk        ; 8.085 ; 8.085 ; Rise       ; clk             ;
;  west_cnt[3]  ; clk        ; 8.888 ; 8.888 ; Rise       ; clk             ;
; west_gre      ; clk        ; 7.478 ; 7.478 ; Rise       ; clk             ;
; west_red      ; clk        ; 8.251 ; 8.251 ; Rise       ; clk             ;
; west_yel      ; clk        ; 7.496 ; 7.496 ; Rise       ; clk             ;
+---------------+------------+-------+-------+------------+-----------------+


+-------------------------------------------------------------------+
; Setup Transfers                                                   ;
+------------+----------+----------+----------+----------+----------+
; From Clock ; To Clock ; RR Paths ; FR Paths ; RF Paths ; FF Paths ;
+------------+----------+----------+----------+----------+----------+
; clk        ; clk      ; 2896     ; 0        ; 0        ; 0        ;
+------------+----------+----------+----------+----------+----------+
Entries labeled "false path" only account for clock-to-clock false paths and not path-based false paths. As a result, actual path counts may be lower than reported.


+-------------------------------------------------------------------+
; Hold Transfers                                                    ;
+------------+----------+----------+----------+----------+----------+
; From Clock ; To Clock ; RR Paths ; FR Paths ; RF Paths ; FF Paths ;
+------------+----------+----------+----------+----------+----------+
; clk        ; clk      ; 2896     ; 0        ; 0        ; 0        ;
+------------+----------+----------+----------+----------+----------+
Entries labeled "false path" only account for clock-to-clock false paths and not path-based false paths. As a result, actual path counts may be lower than reported.


---------------
; Report TCCS ;
---------------
No dedicated SERDES Transmitter circuitry present in device or used in design


---------------
; Report RSKM ;
---------------
No dedicated SERDES Receiver circuitry present in device or used in design


+------------------------------------------------+
; Unconstrained Paths                            ;
+---------------------------------+-------+------+
; Property                        ; Setup ; Hold ;
+---------------------------------+-------+------+
; Illegal Clocks                  ; 0     ; 0    ;
; Unconstrained Clocks            ; 0     ; 0    ;
; Unconstrained Input Ports       ; 1     ; 1    ;
; Unconstrained Input Port Paths  ; 52    ; 52   ;
; Unconstrained Output Ports      ; 14    ; 14   ;
; Unconstrained Output Port Paths ; 14    ; 14   ;
+---------------------------------+-------+------+


+------------------------------------+
; TimeQuest Timing Analyzer Messages ;
+------------------------------------+
Info: *******************************************************************
Info: Running Quartus II 64-Bit TimeQuest Timing Analyzer
    Info: Version 13.0.1 Build 232 06/12/2013 Service Pack 1 SJ Web Edition
    Info: Processing started: Thu Jun 04 15:54:24 2020
Info: Command: quartus_sta Light -c Light
Info: qsta_default_script.tcl version: #1
Info (11104): Parallel Compilation has detected 8 hyper-threaded processors. However, the extra hyper-threaded processors will not be used by default. Parallel Compilation will use 4 of the 4 physical processors detected instead.
Info (21077): Low junction temperature is 0 degrees C
Info (21077): High junction temperature is 85 degrees C
Info (306004): Started post-fitting delay annotation
Info (306005): Delay annotation completed successfully
Info (332104): Reading SDC File: 'SDC2.sdc'
Info: Found TIMEQUEST_REPORT_SCRIPT_INCLUDE_DEFAULT_ANALYSIS = ON
Info (332146): Worst-case setup slack is 982.778
    Info (332119):     Slack End Point TNS Clock 
    Info (332119): ========= ============= =====================
    Info (332119):   982.778         0.000 clk 
Info (332146): Worst-case hold slack is 1.078
    Info (332119):     Slack End Point TNS Clock 
    Info (332119): ========= ============= =====================
    Info (332119):     1.078         0.000 clk 
Info (332140): No Recovery paths to report
Info (332140): No Removal paths to report
Info (332146): Worst-case minimum pulse width slack is 499.734
    Info (332119):     Slack End Point TNS Clock 
    Info (332119): ========= ============= =====================
    Info (332119):   499.734         0.000 clk 
Info (332001): The selected device family is not supported by the report_metastability command.
Info (332102): Design is not fully constrained for setup requirements
Info (332102): Design is not fully constrained for hold requirements
Info: Quartus II 64-Bit TimeQuest Timing Analyzer was successful. 0 errors, 0 warnings
    Info: Peak virtual memory: 4570 megabytes
    Info: Processing ended: Thu Jun 04 15:54:26 2020
    Info: Elapsed time: 00:00:02
    Info: Total CPU time (on all processors): 00:00:02


